[2023-06-19T12:27:24.009+0000] {processor.py:153} INFO - Started process (PID=2360) to work on /opt/airflow/dags/dag_2_task.py
[2023-06-19T12:27:24.010+0000] {processor.py:743} INFO - Processing file /opt/airflow/dags/dag_2_task.py for tasks to queue
[2023-06-19T12:27:24.010+0000] {logging_mixin.py:137} INFO - [2023-06-19T12:27:24.010+0000] {dagbag.py:538} INFO - Filling up the DagBag from /opt/airflow/dags/dag_2_task.py
[2023-06-19T12:27:24.087+0000] {processor.py:753} INFO - DAG(s) dict_keys(['hello_world_dag1']) retrieved from /opt/airflow/dags/dag_2_task.py
[2023-06-19T12:27:24.335+0000] {logging_mixin.py:137} INFO - [2023-06-19T12:27:24.334+0000] {manager.py:504} INFO - Created Permission View: can delete on DAG:hello_world_dag1
[2023-06-19T12:27:24.347+0000] {logging_mixin.py:137} INFO - [2023-06-19T12:27:24.347+0000] {manager.py:504} INFO - Created Permission View: can edit on DAG:hello_world_dag1
[2023-06-19T12:27:24.386+0000] {logging_mixin.py:137} INFO - [2023-06-19T12:27:24.385+0000] {manager.py:504} INFO - Created Permission View: can read on DAG:hello_world_dag1
[2023-06-19T12:27:24.386+0000] {logging_mixin.py:137} INFO - [2023-06-19T12:27:24.386+0000] {dag.py:2690} INFO - Sync 1 DAGs
[2023-06-19T12:27:24.407+0000] {logging_mixin.py:137} INFO - [2023-06-19T12:27:24.406+0000] {dag.py:2711} INFO - Creating ORM DAG for hello_world_dag1
[2023-06-19T12:27:24.426+0000] {logging_mixin.py:137} INFO - [2023-06-19T12:27:24.426+0000] {dag.py:3441} INFO - Setting next_dagrun for hello_world_dag1 to 2023-05-01T00:00:00+00:00, run_after=2023-05-01T00:00:00+00:00
[2023-06-19T12:27:24.512+0000] {processor.py:175} INFO - Processing /opt/airflow/dags/dag_2_task.py took 0.507 seconds
[2023-06-19T12:27:54.793+0000] {processor.py:153} INFO - Started process (PID=2409) to work on /opt/airflow/dags/dag_2_task.py
[2023-06-19T12:27:54.794+0000] {processor.py:743} INFO - Processing file /opt/airflow/dags/dag_2_task.py for tasks to queue
[2023-06-19T12:27:54.795+0000] {logging_mixin.py:137} INFO - [2023-06-19T12:27:54.795+0000] {dagbag.py:538} INFO - Filling up the DagBag from /opt/airflow/dags/dag_2_task.py
[2023-06-19T12:27:54.809+0000] {processor.py:753} INFO - DAG(s) dict_keys(['hello_world_dag1']) retrieved from /opt/airflow/dags/dag_2_task.py
[2023-06-19T12:27:54.886+0000] {logging_mixin.py:137} INFO - [2023-06-19T12:27:54.886+0000] {dag.py:2690} INFO - Sync 1 DAGs
[2023-06-19T12:27:54.916+0000] {logging_mixin.py:137} INFO - [2023-06-19T12:27:54.915+0000] {dag.py:3441} INFO - Setting next_dagrun for hello_world_dag1 to None, run_after=None
[2023-06-19T12:27:54.938+0000] {processor.py:175} INFO - Processing /opt/airflow/dags/dag_2_task.py took 0.148 seconds
[2023-06-19T12:28:25.010+0000] {processor.py:153} INFO - Started process (PID=2458) to work on /opt/airflow/dags/dag_2_task.py
[2023-06-19T12:28:25.010+0000] {processor.py:743} INFO - Processing file /opt/airflow/dags/dag_2_task.py for tasks to queue
[2023-06-19T12:28:25.012+0000] {logging_mixin.py:137} INFO - [2023-06-19T12:28:25.011+0000] {dagbag.py:538} INFO - Filling up the DagBag from /opt/airflow/dags/dag_2_task.py
[2023-06-19T12:28:25.025+0000] {processor.py:753} INFO - DAG(s) dict_keys(['hello_world_dag1']) retrieved from /opt/airflow/dags/dag_2_task.py
[2023-06-19T12:28:25.051+0000] {logging_mixin.py:137} INFO - [2023-06-19T12:28:25.051+0000] {dag.py:2690} INFO - Sync 1 DAGs
[2023-06-19T12:28:25.076+0000] {logging_mixin.py:137} INFO - [2023-06-19T12:28:25.076+0000] {dag.py:3441} INFO - Setting next_dagrun for hello_world_dag1 to None, run_after=None
[2023-06-19T12:28:25.093+0000] {processor.py:175} INFO - Processing /opt/airflow/dags/dag_2_task.py took 0.086 seconds
[2023-06-19T12:28:55.197+0000] {processor.py:153} INFO - Started process (PID=2531) to work on /opt/airflow/dags/dag_2_task.py
[2023-06-19T12:28:55.199+0000] {processor.py:743} INFO - Processing file /opt/airflow/dags/dag_2_task.py for tasks to queue
[2023-06-19T12:28:55.199+0000] {logging_mixin.py:137} INFO - [2023-06-19T12:28:55.199+0000] {dagbag.py:538} INFO - Filling up the DagBag from /opt/airflow/dags/dag_2_task.py
[2023-06-19T12:28:55.214+0000] {processor.py:753} INFO - DAG(s) dict_keys(['hello_world_dag1']) retrieved from /opt/airflow/dags/dag_2_task.py
[2023-06-19T12:28:55.243+0000] {logging_mixin.py:137} INFO - [2023-06-19T12:28:55.243+0000] {dag.py:2690} INFO - Sync 1 DAGs
[2023-06-19T12:28:55.271+0000] {logging_mixin.py:137} INFO - [2023-06-19T12:28:55.271+0000] {dag.py:3441} INFO - Setting next_dagrun for hello_world_dag1 to None, run_after=None
[2023-06-19T12:28:55.294+0000] {processor.py:175} INFO - Processing /opt/airflow/dags/dag_2_task.py took 0.100 seconds
[2023-06-19T12:29:25.376+0000] {processor.py:153} INFO - Started process (PID=2580) to work on /opt/airflow/dags/dag_2_task.py
[2023-06-19T12:29:25.377+0000] {processor.py:743} INFO - Processing file /opt/airflow/dags/dag_2_task.py for tasks to queue
[2023-06-19T12:29:25.377+0000] {logging_mixin.py:137} INFO - [2023-06-19T12:29:25.377+0000] {dagbag.py:538} INFO - Filling up the DagBag from /opt/airflow/dags/dag_2_task.py
[2023-06-19T12:29:25.393+0000] {processor.py:753} INFO - DAG(s) dict_keys(['hello_world_dag1']) retrieved from /opt/airflow/dags/dag_2_task.py
[2023-06-19T12:29:25.420+0000] {logging_mixin.py:137} INFO - [2023-06-19T12:29:25.420+0000] {dag.py:2690} INFO - Sync 1 DAGs
[2023-06-19T12:29:25.446+0000] {logging_mixin.py:137} INFO - [2023-06-19T12:29:25.445+0000] {dag.py:3441} INFO - Setting next_dagrun for hello_world_dag1 to None, run_after=None
[2023-06-19T12:29:25.463+0000] {processor.py:175} INFO - Processing /opt/airflow/dags/dag_2_task.py took 0.091 seconds
[2023-06-19T12:29:55.598+0000] {processor.py:153} INFO - Started process (PID=2628) to work on /opt/airflow/dags/dag_2_task.py
[2023-06-19T12:29:55.600+0000] {processor.py:743} INFO - Processing file /opt/airflow/dags/dag_2_task.py for tasks to queue
[2023-06-19T12:29:55.601+0000] {logging_mixin.py:137} INFO - [2023-06-19T12:29:55.601+0000] {dagbag.py:538} INFO - Filling up the DagBag from /opt/airflow/dags/dag_2_task.py
[2023-06-19T12:29:55.616+0000] {processor.py:753} INFO - DAG(s) dict_keys(['hello_world_dag1']) retrieved from /opt/airflow/dags/dag_2_task.py
[2023-06-19T12:29:55.644+0000] {logging_mixin.py:137} INFO - [2023-06-19T12:29:55.644+0000] {dag.py:2690} INFO - Sync 1 DAGs
[2023-06-19T12:29:55.677+0000] {logging_mixin.py:137} INFO - [2023-06-19T12:29:55.676+0000] {dag.py:3441} INFO - Setting next_dagrun for hello_world_dag1 to None, run_after=None
[2023-06-19T12:29:55.696+0000] {processor.py:175} INFO - Processing /opt/airflow/dags/dag_2_task.py took 0.101 seconds
[2023-06-19T12:30:25.825+0000] {processor.py:153} INFO - Started process (PID=2701) to work on /opt/airflow/dags/dag_2_task.py
[2023-06-19T12:30:25.826+0000] {processor.py:743} INFO - Processing file /opt/airflow/dags/dag_2_task.py for tasks to queue
[2023-06-19T12:30:25.827+0000] {logging_mixin.py:137} INFO - [2023-06-19T12:30:25.827+0000] {dagbag.py:538} INFO - Filling up the DagBag from /opt/airflow/dags/dag_2_task.py
[2023-06-19T12:30:25.840+0000] {processor.py:753} INFO - DAG(s) dict_keys(['hello_world_dag1']) retrieved from /opt/airflow/dags/dag_2_task.py
[2023-06-19T12:30:25.864+0000] {logging_mixin.py:137} INFO - [2023-06-19T12:30:25.864+0000] {dag.py:2690} INFO - Sync 1 DAGs
[2023-06-19T12:30:25.889+0000] {logging_mixin.py:137} INFO - [2023-06-19T12:30:25.889+0000] {dag.py:3441} INFO - Setting next_dagrun for hello_world_dag1 to None, run_after=None
[2023-06-19T12:30:25.909+0000] {processor.py:175} INFO - Processing /opt/airflow/dags/dag_2_task.py took 0.086 seconds
[2023-06-19T12:30:56.070+0000] {processor.py:153} INFO - Started process (PID=2750) to work on /opt/airflow/dags/dag_2_task.py
[2023-06-19T12:30:56.072+0000] {processor.py:743} INFO - Processing file /opt/airflow/dags/dag_2_task.py for tasks to queue
[2023-06-19T12:30:56.073+0000] {logging_mixin.py:137} INFO - [2023-06-19T12:30:56.073+0000] {dagbag.py:538} INFO - Filling up the DagBag from /opt/airflow/dags/dag_2_task.py
[2023-06-19T12:30:56.087+0000] {processor.py:753} INFO - DAG(s) dict_keys(['hello_world_dag1']) retrieved from /opt/airflow/dags/dag_2_task.py
[2023-06-19T12:30:56.112+0000] {logging_mixin.py:137} INFO - [2023-06-19T12:30:56.112+0000] {dag.py:2690} INFO - Sync 1 DAGs
[2023-06-19T12:30:56.138+0000] {logging_mixin.py:137} INFO - [2023-06-19T12:30:56.138+0000] {dag.py:3441} INFO - Setting next_dagrun for hello_world_dag1 to None, run_after=None
[2023-06-19T12:30:56.155+0000] {processor.py:175} INFO - Processing /opt/airflow/dags/dag_2_task.py took 0.087 seconds
[2023-06-19T12:31:26.237+0000] {processor.py:153} INFO - Started process (PID=2823) to work on /opt/airflow/dags/dag_2_task.py
[2023-06-19T12:31:26.238+0000] {processor.py:743} INFO - Processing file /opt/airflow/dags/dag_2_task.py for tasks to queue
[2023-06-19T12:31:26.238+0000] {logging_mixin.py:137} INFO - [2023-06-19T12:31:26.238+0000] {dagbag.py:538} INFO - Filling up the DagBag from /opt/airflow/dags/dag_2_task.py
[2023-06-19T12:31:26.276+0000] {processor.py:753} INFO - DAG(s) dict_keys(['hello_world_dag1']) retrieved from /opt/airflow/dags/dag_2_task.py
[2023-06-19T12:31:26.307+0000] {logging_mixin.py:137} INFO - [2023-06-19T12:31:26.307+0000] {dag.py:2690} INFO - Sync 1 DAGs
[2023-06-19T12:31:26.378+0000] {logging_mixin.py:137} INFO - [2023-06-19T12:31:26.378+0000] {dag.py:3441} INFO - Setting next_dagrun for hello_world_dag1 to None, run_after=None
[2023-06-19T12:31:26.403+0000] {processor.py:175} INFO - Processing /opt/airflow/dags/dag_2_task.py took 0.168 seconds
[2023-06-19T12:31:56.466+0000] {processor.py:153} INFO - Started process (PID=2872) to work on /opt/airflow/dags/dag_2_task.py
[2023-06-19T12:31:56.468+0000] {processor.py:743} INFO - Processing file /opt/airflow/dags/dag_2_task.py for tasks to queue
[2023-06-19T12:31:56.469+0000] {logging_mixin.py:137} INFO - [2023-06-19T12:31:56.468+0000] {dagbag.py:538} INFO - Filling up the DagBag from /opt/airflow/dags/dag_2_task.py
[2023-06-19T12:31:56.483+0000] {processor.py:753} INFO - DAG(s) dict_keys(['hello_world_dag1']) retrieved from /opt/airflow/dags/dag_2_task.py
[2023-06-19T12:31:56.508+0000] {logging_mixin.py:137} INFO - [2023-06-19T12:31:56.508+0000] {dag.py:2690} INFO - Sync 1 DAGs
[2023-06-19T12:31:56.536+0000] {logging_mixin.py:137} INFO - [2023-06-19T12:31:56.536+0000] {dag.py:3441} INFO - Setting next_dagrun for hello_world_dag1 to None, run_after=None
[2023-06-19T12:31:56.554+0000] {processor.py:175} INFO - Processing /opt/airflow/dags/dag_2_task.py took 0.091 seconds
[2023-06-19T12:32:26.719+0000] {processor.py:153} INFO - Started process (PID=2921) to work on /opt/airflow/dags/dag_2_task.py
[2023-06-19T12:32:26.720+0000] {processor.py:743} INFO - Processing file /opt/airflow/dags/dag_2_task.py for tasks to queue
[2023-06-19T12:32:26.720+0000] {logging_mixin.py:137} INFO - [2023-06-19T12:32:26.720+0000] {dagbag.py:538} INFO - Filling up the DagBag from /opt/airflow/dags/dag_2_task.py
[2023-06-19T12:32:26.734+0000] {processor.py:753} INFO - DAG(s) dict_keys(['hello_world_dag1']) retrieved from /opt/airflow/dags/dag_2_task.py
[2023-06-19T12:32:26.761+0000] {logging_mixin.py:137} INFO - [2023-06-19T12:32:26.760+0000] {dag.py:2690} INFO - Sync 1 DAGs
[2023-06-19T12:32:26.791+0000] {logging_mixin.py:137} INFO - [2023-06-19T12:32:26.790+0000] {dag.py:3441} INFO - Setting next_dagrun for hello_world_dag1 to None, run_after=None
[2023-06-19T12:32:26.813+0000] {processor.py:175} INFO - Processing /opt/airflow/dags/dag_2_task.py took 0.097 seconds
[2023-06-19T12:32:56.895+0000] {processor.py:153} INFO - Started process (PID=2979) to work on /opt/airflow/dags/dag_2_task.py
[2023-06-19T12:32:56.897+0000] {processor.py:743} INFO - Processing file /opt/airflow/dags/dag_2_task.py for tasks to queue
[2023-06-19T12:32:56.898+0000] {logging_mixin.py:137} INFO - [2023-06-19T12:32:56.898+0000] {dagbag.py:538} INFO - Filling up the DagBag from /opt/airflow/dags/dag_2_task.py
[2023-06-19T12:32:56.984+0000] {processor.py:753} INFO - DAG(s) dict_keys(['hello_world_dag1']) retrieved from /opt/airflow/dags/dag_2_task.py
[2023-06-19T12:32:57.014+0000] {logging_mixin.py:137} INFO - [2023-06-19T12:32:57.014+0000] {dag.py:2690} INFO - Sync 1 DAGs
[2023-06-19T12:32:57.044+0000] {logging_mixin.py:137} INFO - [2023-06-19T12:32:57.044+0000] {dag.py:3441} INFO - Setting next_dagrun for hello_world_dag1 to None, run_after=None
[2023-06-19T12:32:57.082+0000] {processor.py:175} INFO - Processing /opt/airflow/dags/dag_2_task.py took 0.192 seconds
[2023-06-19T12:33:27.134+0000] {processor.py:153} INFO - Started process (PID=3043) to work on /opt/airflow/dags/dag_2_task.py
[2023-06-19T12:33:27.135+0000] {processor.py:743} INFO - Processing file /opt/airflow/dags/dag_2_task.py for tasks to queue
[2023-06-19T12:33:27.136+0000] {logging_mixin.py:137} INFO - [2023-06-19T12:33:27.135+0000] {dagbag.py:538} INFO - Filling up the DagBag from /opt/airflow/dags/dag_2_task.py
[2023-06-19T12:33:27.149+0000] {processor.py:753} INFO - DAG(s) dict_keys(['hello_world_dag1']) retrieved from /opt/airflow/dags/dag_2_task.py
[2023-06-19T12:33:27.173+0000] {logging_mixin.py:137} INFO - [2023-06-19T12:33:27.173+0000] {dag.py:2690} INFO - Sync 1 DAGs
[2023-06-19T12:33:27.201+0000] {logging_mixin.py:137} INFO - [2023-06-19T12:33:27.201+0000] {dag.py:3441} INFO - Setting next_dagrun for hello_world_dag1 to None, run_after=None
[2023-06-19T12:33:27.224+0000] {processor.py:175} INFO - Processing /opt/airflow/dags/dag_2_task.py took 0.094 seconds
[2023-06-19T12:33:57.378+0000] {processor.py:153} INFO - Started process (PID=3092) to work on /opt/airflow/dags/dag_2_task.py
[2023-06-19T12:33:57.380+0000] {processor.py:743} INFO - Processing file /opt/airflow/dags/dag_2_task.py for tasks to queue
[2023-06-19T12:33:57.381+0000] {logging_mixin.py:137} INFO - [2023-06-19T12:33:57.381+0000] {dagbag.py:538} INFO - Filling up the DagBag from /opt/airflow/dags/dag_2_task.py
[2023-06-19T12:33:57.395+0000] {processor.py:753} INFO - DAG(s) dict_keys(['hello_world_dag1']) retrieved from /opt/airflow/dags/dag_2_task.py
[2023-06-19T12:33:57.421+0000] {logging_mixin.py:137} INFO - [2023-06-19T12:33:57.420+0000] {dag.py:2690} INFO - Sync 1 DAGs
[2023-06-19T12:33:57.448+0000] {logging_mixin.py:137} INFO - [2023-06-19T12:33:57.448+0000] {dag.py:3441} INFO - Setting next_dagrun for hello_world_dag1 to None, run_after=None
[2023-06-19T12:33:57.468+0000] {processor.py:175} INFO - Processing /opt/airflow/dags/dag_2_task.py took 0.092 seconds
[2023-06-19T12:34:27.540+0000] {processor.py:153} INFO - Started process (PID=3165) to work on /opt/airflow/dags/dag_2_task.py
[2023-06-19T12:34:27.541+0000] {processor.py:743} INFO - Processing file /opt/airflow/dags/dag_2_task.py for tasks to queue
[2023-06-19T12:34:27.542+0000] {logging_mixin.py:137} INFO - [2023-06-19T12:34:27.542+0000] {dagbag.py:538} INFO - Filling up the DagBag from /opt/airflow/dags/dag_2_task.py
[2023-06-19T12:34:27.556+0000] {processor.py:753} INFO - DAG(s) dict_keys(['hello_world_dag1']) retrieved from /opt/airflow/dags/dag_2_task.py
[2023-06-19T12:34:27.583+0000] {logging_mixin.py:137} INFO - [2023-06-19T12:34:27.583+0000] {dag.py:2690} INFO - Sync 1 DAGs
[2023-06-19T12:34:27.612+0000] {logging_mixin.py:137} INFO - [2023-06-19T12:34:27.612+0000] {dag.py:3441} INFO - Setting next_dagrun for hello_world_dag1 to None, run_after=None
[2023-06-19T12:34:27.630+0000] {processor.py:175} INFO - Processing /opt/airflow/dags/dag_2_task.py took 0.094 seconds
[2023-06-19T12:34:57.718+0000] {processor.py:153} INFO - Started process (PID=3214) to work on /opt/airflow/dags/dag_2_task.py
[2023-06-19T12:34:57.718+0000] {processor.py:743} INFO - Processing file /opt/airflow/dags/dag_2_task.py for tasks to queue
[2023-06-19T12:34:57.719+0000] {logging_mixin.py:137} INFO - [2023-06-19T12:34:57.719+0000] {dagbag.py:538} INFO - Filling up the DagBag from /opt/airflow/dags/dag_2_task.py
[2023-06-19T12:34:57.734+0000] {processor.py:753} INFO - DAG(s) dict_keys(['hello_world_dag1']) retrieved from /opt/airflow/dags/dag_2_task.py
[2023-06-19T12:34:57.769+0000] {logging_mixin.py:137} INFO - [2023-06-19T12:34:57.768+0000] {dag.py:2690} INFO - Sync 1 DAGs
[2023-06-19T12:34:57.798+0000] {logging_mixin.py:137} INFO - [2023-06-19T12:34:57.798+0000] {dag.py:3441} INFO - Setting next_dagrun for hello_world_dag1 to None, run_after=None
[2023-06-19T12:34:57.817+0000] {processor.py:175} INFO - Processing /opt/airflow/dags/dag_2_task.py took 0.102 seconds
[2023-06-19T12:35:27.944+0000] {processor.py:153} INFO - Started process (PID=3263) to work on /opt/airflow/dags/dag_2_task.py
[2023-06-19T12:35:27.945+0000] {processor.py:743} INFO - Processing file /opt/airflow/dags/dag_2_task.py for tasks to queue
[2023-06-19T12:35:27.946+0000] {logging_mixin.py:137} INFO - [2023-06-19T12:35:27.946+0000] {dagbag.py:538} INFO - Filling up the DagBag from /opt/airflow/dags/dag_2_task.py
[2023-06-19T12:35:27.959+0000] {processor.py:753} INFO - DAG(s) dict_keys(['hello_world_dag1']) retrieved from /opt/airflow/dags/dag_2_task.py
[2023-06-19T12:35:27.984+0000] {logging_mixin.py:137} INFO - [2023-06-19T12:35:27.983+0000] {dag.py:2690} INFO - Sync 1 DAGs
[2023-06-19T12:35:28.013+0000] {logging_mixin.py:137} INFO - [2023-06-19T12:35:28.013+0000] {dag.py:3441} INFO - Setting next_dagrun for hello_world_dag1 to None, run_after=None
[2023-06-19T12:35:28.032+0000] {processor.py:175} INFO - Processing /opt/airflow/dags/dag_2_task.py took 0.092 seconds
[2023-06-19T12:35:58.165+0000] {processor.py:153} INFO - Started process (PID=3336) to work on /opt/airflow/dags/dag_2_task.py
[2023-06-19T12:35:58.166+0000] {processor.py:743} INFO - Processing file /opt/airflow/dags/dag_2_task.py for tasks to queue
[2023-06-19T12:35:58.166+0000] {logging_mixin.py:137} INFO - [2023-06-19T12:35:58.166+0000] {dagbag.py:538} INFO - Filling up the DagBag from /opt/airflow/dags/dag_2_task.py
[2023-06-19T12:35:58.180+0000] {processor.py:753} INFO - DAG(s) dict_keys(['hello_world_dag1']) retrieved from /opt/airflow/dags/dag_2_task.py
[2023-06-19T12:35:58.207+0000] {logging_mixin.py:137} INFO - [2023-06-19T12:35:58.207+0000] {dag.py:2690} INFO - Sync 1 DAGs
[2023-06-19T12:35:58.239+0000] {logging_mixin.py:137} INFO - [2023-06-19T12:35:58.239+0000] {dag.py:3441} INFO - Setting next_dagrun for hello_world_dag1 to None, run_after=None
[2023-06-19T12:35:58.260+0000] {processor.py:175} INFO - Processing /opt/airflow/dags/dag_2_task.py took 0.098 seconds
[2023-06-19T12:36:28.390+0000] {processor.py:153} INFO - Started process (PID=3385) to work on /opt/airflow/dags/dag_2_task.py
[2023-06-19T12:36:28.391+0000] {processor.py:743} INFO - Processing file /opt/airflow/dags/dag_2_task.py for tasks to queue
[2023-06-19T12:36:28.392+0000] {logging_mixin.py:137} INFO - [2023-06-19T12:36:28.392+0000] {dagbag.py:538} INFO - Filling up the DagBag from /opt/airflow/dags/dag_2_task.py
[2023-06-19T12:36:28.408+0000] {processor.py:753} INFO - DAG(s) dict_keys(['hello_world_dag1']) retrieved from /opt/airflow/dags/dag_2_task.py
[2023-06-19T12:36:28.433+0000] {logging_mixin.py:137} INFO - [2023-06-19T12:36:28.433+0000] {dag.py:2690} INFO - Sync 1 DAGs
[2023-06-19T12:36:28.458+0000] {logging_mixin.py:137} INFO - [2023-06-19T12:36:28.458+0000] {dag.py:3441} INFO - Setting next_dagrun for hello_world_dag1 to None, run_after=None
[2023-06-19T12:36:28.481+0000] {processor.py:175} INFO - Processing /opt/airflow/dags/dag_2_task.py took 0.094 seconds
[2023-06-19T12:36:58.616+0000] {processor.py:153} INFO - Started process (PID=3458) to work on /opt/airflow/dags/dag_2_task.py
[2023-06-19T12:36:58.616+0000] {processor.py:743} INFO - Processing file /opt/airflow/dags/dag_2_task.py for tasks to queue
[2023-06-19T12:36:58.617+0000] {logging_mixin.py:137} INFO - [2023-06-19T12:36:58.617+0000] {dagbag.py:538} INFO - Filling up the DagBag from /opt/airflow/dags/dag_2_task.py
[2023-06-19T12:36:58.632+0000] {processor.py:753} INFO - DAG(s) dict_keys(['hello_world_dag1']) retrieved from /opt/airflow/dags/dag_2_task.py
[2023-06-19T12:36:58.665+0000] {logging_mixin.py:137} INFO - [2023-06-19T12:36:58.665+0000] {dag.py:2690} INFO - Sync 1 DAGs
[2023-06-19T12:36:58.704+0000] {logging_mixin.py:137} INFO - [2023-06-19T12:36:58.704+0000] {dag.py:3441} INFO - Setting next_dagrun for hello_world_dag1 to None, run_after=None
[2023-06-19T12:36:58.729+0000] {processor.py:175} INFO - Processing /opt/airflow/dags/dag_2_task.py took 0.116 seconds
[2023-06-19T12:37:28.871+0000] {processor.py:153} INFO - Started process (PID=3507) to work on /opt/airflow/dags/dag_2_task.py
[2023-06-19T12:37:28.873+0000] {processor.py:743} INFO - Processing file /opt/airflow/dags/dag_2_task.py for tasks to queue
[2023-06-19T12:37:28.873+0000] {logging_mixin.py:137} INFO - [2023-06-19T12:37:28.873+0000] {dagbag.py:538} INFO - Filling up the DagBag from /opt/airflow/dags/dag_2_task.py
[2023-06-19T12:37:28.887+0000] {processor.py:753} INFO - DAG(s) dict_keys(['hello_world_dag1']) retrieved from /opt/airflow/dags/dag_2_task.py
[2023-06-19T12:37:28.914+0000] {logging_mixin.py:137} INFO - [2023-06-19T12:37:28.914+0000] {dag.py:2690} INFO - Sync 1 DAGs
[2023-06-19T12:37:28.942+0000] {logging_mixin.py:137} INFO - [2023-06-19T12:37:28.941+0000] {dag.py:3441} INFO - Setting next_dagrun for hello_world_dag1 to None, run_after=None
[2023-06-19T12:37:28.991+0000] {processor.py:175} INFO - Processing /opt/airflow/dags/dag_2_task.py took 0.123 seconds
[2023-06-19T12:37:59.118+0000] {processor.py:153} INFO - Started process (PID=3556) to work on /opt/airflow/dags/dag_2_task.py
[2023-06-19T12:37:59.119+0000] {processor.py:743} INFO - Processing file /opt/airflow/dags/dag_2_task.py for tasks to queue
[2023-06-19T12:37:59.120+0000] {logging_mixin.py:137} INFO - [2023-06-19T12:37:59.120+0000] {dagbag.py:538} INFO - Filling up the DagBag from /opt/airflow/dags/dag_2_task.py
[2023-06-19T12:37:59.133+0000] {processor.py:753} INFO - DAG(s) dict_keys(['hello_world_dag1']) retrieved from /opt/airflow/dags/dag_2_task.py
[2023-06-19T12:37:59.159+0000] {logging_mixin.py:137} INFO - [2023-06-19T12:37:59.158+0000] {dag.py:2690} INFO - Sync 1 DAGs
[2023-06-19T12:37:59.184+0000] {logging_mixin.py:137} INFO - [2023-06-19T12:37:59.184+0000] {dag.py:3441} INFO - Setting next_dagrun for hello_world_dag1 to None, run_after=None
[2023-06-19T12:37:59.201+0000] {processor.py:175} INFO - Processing /opt/airflow/dags/dag_2_task.py took 0.086 seconds
[2023-06-19T12:38:29.269+0000] {processor.py:153} INFO - Started process (PID=3629) to work on /opt/airflow/dags/dag_2_task.py
[2023-06-19T12:38:29.271+0000] {processor.py:743} INFO - Processing file /opt/airflow/dags/dag_2_task.py for tasks to queue
[2023-06-19T12:38:29.271+0000] {logging_mixin.py:137} INFO - [2023-06-19T12:38:29.271+0000] {dagbag.py:538} INFO - Filling up the DagBag from /opt/airflow/dags/dag_2_task.py
[2023-06-19T12:38:29.286+0000] {processor.py:753} INFO - DAG(s) dict_keys(['hello_world_dag1']) retrieved from /opt/airflow/dags/dag_2_task.py
[2023-06-19T12:38:29.316+0000] {logging_mixin.py:137} INFO - [2023-06-19T12:38:29.315+0000] {dag.py:2690} INFO - Sync 1 DAGs
[2023-06-19T12:38:29.345+0000] {logging_mixin.py:137} INFO - [2023-06-19T12:38:29.345+0000] {dag.py:3441} INFO - Setting next_dagrun for hello_world_dag1 to None, run_after=None
[2023-06-19T12:38:29.366+0000] {processor.py:175} INFO - Processing /opt/airflow/dags/dag_2_task.py took 0.100 seconds
[2023-06-19T12:38:59.602+0000] {processor.py:153} INFO - Started process (PID=3678) to work on /opt/airflow/dags/dag_2_task.py
[2023-06-19T12:38:59.603+0000] {processor.py:743} INFO - Processing file /opt/airflow/dags/dag_2_task.py for tasks to queue
[2023-06-19T12:38:59.604+0000] {logging_mixin.py:137} INFO - [2023-06-19T12:38:59.604+0000] {dagbag.py:538} INFO - Filling up the DagBag from /opt/airflow/dags/dag_2_task.py
[2023-06-19T12:38:59.618+0000] {processor.py:753} INFO - DAG(s) dict_keys(['hello_world_dag1']) retrieved from /opt/airflow/dags/dag_2_task.py
[2023-06-19T12:38:59.645+0000] {logging_mixin.py:137} INFO - [2023-06-19T12:38:59.644+0000] {dag.py:2690} INFO - Sync 1 DAGs
[2023-06-19T12:38:59.671+0000] {logging_mixin.py:137} INFO - [2023-06-19T12:38:59.670+0000] {dag.py:3441} INFO - Setting next_dagrun for hello_world_dag1 to None, run_after=None
[2023-06-19T12:38:59.690+0000] {processor.py:175} INFO - Processing /opt/airflow/dags/dag_2_task.py took 0.090 seconds
[2023-06-19T12:39:29.778+0000] {processor.py:153} INFO - Started process (PID=3736) to work on /opt/airflow/dags/dag_2_task.py
[2023-06-19T12:39:29.780+0000] {processor.py:743} INFO - Processing file /opt/airflow/dags/dag_2_task.py for tasks to queue
[2023-06-19T12:39:29.781+0000] {logging_mixin.py:137} INFO - [2023-06-19T12:39:29.781+0000] {dagbag.py:538} INFO - Filling up the DagBag from /opt/airflow/dags/dag_2_task.py
[2023-06-19T12:39:29.794+0000] {processor.py:753} INFO - DAG(s) dict_keys(['hello_world_dag1']) retrieved from /opt/airflow/dags/dag_2_task.py
[2023-06-19T12:39:29.824+0000] {logging_mixin.py:137} INFO - [2023-06-19T12:39:29.823+0000] {dag.py:2690} INFO - Sync 1 DAGs
[2023-06-19T12:39:29.854+0000] {logging_mixin.py:137} INFO - [2023-06-19T12:39:29.853+0000] {dag.py:3441} INFO - Setting next_dagrun for hello_world_dag1 to None, run_after=None
[2023-06-19T12:39:29.875+0000] {processor.py:175} INFO - Processing /opt/airflow/dags/dag_2_task.py took 0.100 seconds
[2023-06-19T12:40:00.151+0000] {processor.py:153} INFO - Started process (PID=3800) to work on /opt/airflow/dags/dag_2_task.py
[2023-06-19T12:40:00.152+0000] {processor.py:743} INFO - Processing file /opt/airflow/dags/dag_2_task.py for tasks to queue
[2023-06-19T12:40:00.152+0000] {logging_mixin.py:137} INFO - [2023-06-19T12:40:00.152+0000] {dagbag.py:538} INFO - Filling up the DagBag from /opt/airflow/dags/dag_2_task.py
[2023-06-19T12:40:00.167+0000] {processor.py:753} INFO - DAG(s) dict_keys(['hello_world_dag1']) retrieved from /opt/airflow/dags/dag_2_task.py
[2023-06-19T12:40:00.192+0000] {logging_mixin.py:137} INFO - [2023-06-19T12:40:00.192+0000] {dag.py:2690} INFO - Sync 1 DAGs
[2023-06-19T12:40:00.221+0000] {logging_mixin.py:137} INFO - [2023-06-19T12:40:00.221+0000] {dag.py:3441} INFO - Setting next_dagrun for hello_world_dag1 to None, run_after=None
[2023-06-19T12:40:00.241+0000] {processor.py:175} INFO - Processing /opt/airflow/dags/dag_2_task.py took 0.092 seconds
[2023-06-19T12:40:30.320+0000] {processor.py:153} INFO - Started process (PID=3849) to work on /opt/airflow/dags/dag_2_task.py
[2023-06-19T12:40:30.322+0000] {processor.py:743} INFO - Processing file /opt/airflow/dags/dag_2_task.py for tasks to queue
[2023-06-19T12:40:30.323+0000] {logging_mixin.py:137} INFO - [2023-06-19T12:40:30.323+0000] {dagbag.py:538} INFO - Filling up the DagBag from /opt/airflow/dags/dag_2_task.py
[2023-06-19T12:40:30.337+0000] {processor.py:753} INFO - DAG(s) dict_keys(['hello_world_dag1']) retrieved from /opt/airflow/dags/dag_2_task.py
[2023-06-19T12:40:30.365+0000] {logging_mixin.py:137} INFO - [2023-06-19T12:40:30.365+0000] {dag.py:2690} INFO - Sync 1 DAGs
[2023-06-19T12:40:30.399+0000] {logging_mixin.py:137} INFO - [2023-06-19T12:40:30.398+0000] {dag.py:3441} INFO - Setting next_dagrun for hello_world_dag1 to None, run_after=None
[2023-06-19T12:40:30.424+0000] {processor.py:175} INFO - Processing /opt/airflow/dags/dag_2_task.py took 0.107 seconds
[2023-06-19T12:41:00.502+0000] {processor.py:153} INFO - Started process (PID=3922) to work on /opt/airflow/dags/dag_2_task.py
[2023-06-19T12:41:00.503+0000] {processor.py:743} INFO - Processing file /opt/airflow/dags/dag_2_task.py for tasks to queue
[2023-06-19T12:41:00.503+0000] {logging_mixin.py:137} INFO - [2023-06-19T12:41:00.503+0000] {dagbag.py:538} INFO - Filling up the DagBag from /opt/airflow/dags/dag_2_task.py
[2023-06-19T12:41:00.518+0000] {processor.py:753} INFO - DAG(s) dict_keys(['hello_world_dag1']) retrieved from /opt/airflow/dags/dag_2_task.py
[2023-06-19T12:41:00.546+0000] {logging_mixin.py:137} INFO - [2023-06-19T12:41:00.546+0000] {dag.py:2690} INFO - Sync 1 DAGs
[2023-06-19T12:41:00.600+0000] {logging_mixin.py:137} INFO - [2023-06-19T12:41:00.600+0000] {dag.py:3441} INFO - Setting next_dagrun for hello_world_dag1 to None, run_after=None
[2023-06-19T12:41:00.619+0000] {processor.py:175} INFO - Processing /opt/airflow/dags/dag_2_task.py took 0.121 seconds
[2023-06-19T12:41:30.779+0000] {processor.py:153} INFO - Started process (PID=3971) to work on /opt/airflow/dags/dag_2_task.py
[2023-06-19T12:41:30.781+0000] {processor.py:743} INFO - Processing file /opt/airflow/dags/dag_2_task.py for tasks to queue
[2023-06-19T12:41:30.781+0000] {logging_mixin.py:137} INFO - [2023-06-19T12:41:30.781+0000] {dagbag.py:538} INFO - Filling up the DagBag from /opt/airflow/dags/dag_2_task.py
[2023-06-19T12:41:30.800+0000] {processor.py:753} INFO - DAG(s) dict_keys(['hello_world_dag1']) retrieved from /opt/airflow/dags/dag_2_task.py
[2023-06-19T12:41:30.834+0000] {logging_mixin.py:137} INFO - [2023-06-19T12:41:30.834+0000] {dag.py:2690} INFO - Sync 1 DAGs
[2023-06-19T12:41:30.883+0000] {logging_mixin.py:137} INFO - [2023-06-19T12:41:30.883+0000] {dag.py:3441} INFO - Setting next_dagrun for hello_world_dag1 to None, run_after=None
[2023-06-19T12:41:30.905+0000] {processor.py:175} INFO - Processing /opt/airflow/dags/dag_2_task.py took 0.129 seconds
[2023-06-19T12:42:01.010+0000] {processor.py:153} INFO - Started process (PID=4020) to work on /opt/airflow/dags/dag_2_task.py
[2023-06-19T12:42:01.012+0000] {processor.py:743} INFO - Processing file /opt/airflow/dags/dag_2_task.py for tasks to queue
[2023-06-19T12:42:01.013+0000] {logging_mixin.py:137} INFO - [2023-06-19T12:42:01.012+0000] {dagbag.py:538} INFO - Filling up the DagBag from /opt/airflow/dags/dag_2_task.py
[2023-06-19T12:42:01.027+0000] {processor.py:753} INFO - DAG(s) dict_keys(['hello_world_dag1']) retrieved from /opt/airflow/dags/dag_2_task.py
[2023-06-19T12:42:01.051+0000] {logging_mixin.py:137} INFO - [2023-06-19T12:42:01.051+0000] {dag.py:2690} INFO - Sync 1 DAGs
[2023-06-19T12:42:01.076+0000] {logging_mixin.py:137} INFO - [2023-06-19T12:42:01.076+0000] {dag.py:3441} INFO - Setting next_dagrun for hello_world_dag1 to None, run_after=None
[2023-06-19T12:42:01.092+0000] {processor.py:175} INFO - Processing /opt/airflow/dags/dag_2_task.py took 0.085 seconds
[2023-06-19T12:42:31.348+0000] {processor.py:153} INFO - Started process (PID=4093) to work on /opt/airflow/dags/dag_2_task.py
[2023-06-19T12:42:31.349+0000] {processor.py:743} INFO - Processing file /opt/airflow/dags/dag_2_task.py for tasks to queue
[2023-06-19T12:42:31.350+0000] {logging_mixin.py:137} INFO - [2023-06-19T12:42:31.350+0000] {dagbag.py:538} INFO - Filling up the DagBag from /opt/airflow/dags/dag_2_task.py
[2023-06-19T12:42:31.387+0000] {processor.py:753} INFO - DAG(s) dict_keys(['hello_world_dag1']) retrieved from /opt/airflow/dags/dag_2_task.py
[2023-06-19T12:42:31.422+0000] {logging_mixin.py:137} INFO - [2023-06-19T12:42:31.422+0000] {dag.py:2690} INFO - Sync 1 DAGs
[2023-06-19T12:42:31.501+0000] {logging_mixin.py:137} INFO - [2023-06-19T12:42:31.501+0000] {dag.py:3441} INFO - Setting next_dagrun for hello_world_dag1 to None, run_after=None
[2023-06-19T12:42:31.530+0000] {processor.py:175} INFO - Processing /opt/airflow/dags/dag_2_task.py took 0.185 seconds
[2023-06-19T12:43:01.814+0000] {processor.py:153} INFO - Started process (PID=4142) to work on /opt/airflow/dags/dag_2_task.py
[2023-06-19T12:43:01.815+0000] {processor.py:743} INFO - Processing file /opt/airflow/dags/dag_2_task.py for tasks to queue
[2023-06-19T12:43:01.816+0000] {logging_mixin.py:137} INFO - [2023-06-19T12:43:01.816+0000] {dagbag.py:538} INFO - Filling up the DagBag from /opt/airflow/dags/dag_2_task.py
[2023-06-19T12:43:01.832+0000] {processor.py:753} INFO - DAG(s) dict_keys(['hello_world_dag1']) retrieved from /opt/airflow/dags/dag_2_task.py
[2023-06-19T12:43:01.858+0000] {logging_mixin.py:137} INFO - [2023-06-19T12:43:01.857+0000] {dag.py:2690} INFO - Sync 1 DAGs
[2023-06-19T12:43:01.888+0000] {logging_mixin.py:137} INFO - [2023-06-19T12:43:01.887+0000] {dag.py:3441} INFO - Setting next_dagrun for hello_world_dag1 to None, run_after=None
[2023-06-19T12:43:01.909+0000] {processor.py:175} INFO - Processing /opt/airflow/dags/dag_2_task.py took 0.098 seconds
[2023-06-19T12:43:32.029+0000] {processor.py:153} INFO - Started process (PID=4191) to work on /opt/airflow/dags/dag_2_task.py
[2023-06-19T12:43:32.030+0000] {processor.py:743} INFO - Processing file /opt/airflow/dags/dag_2_task.py for tasks to queue
[2023-06-19T12:43:32.031+0000] {logging_mixin.py:137} INFO - [2023-06-19T12:43:32.031+0000] {dagbag.py:538} INFO - Filling up the DagBag from /opt/airflow/dags/dag_2_task.py
[2023-06-19T12:43:32.044+0000] {processor.py:753} INFO - DAG(s) dict_keys(['hello_world_dag1']) retrieved from /opt/airflow/dags/dag_2_task.py
[2023-06-19T12:43:32.072+0000] {logging_mixin.py:137} INFO - [2023-06-19T12:43:32.071+0000] {dag.py:2690} INFO - Sync 1 DAGs
[2023-06-19T12:43:32.101+0000] {logging_mixin.py:137} INFO - [2023-06-19T12:43:32.101+0000] {dag.py:3441} INFO - Setting next_dagrun for hello_world_dag1 to None, run_after=None
[2023-06-19T12:43:32.121+0000] {processor.py:175} INFO - Processing /opt/airflow/dags/dag_2_task.py took 0.094 seconds
[2023-06-19T12:44:02.189+0000] {processor.py:153} INFO - Started process (PID=4264) to work on /opt/airflow/dags/dag_2_task.py
[2023-06-19T12:44:02.190+0000] {processor.py:743} INFO - Processing file /opt/airflow/dags/dag_2_task.py for tasks to queue
[2023-06-19T12:44:02.191+0000] {logging_mixin.py:137} INFO - [2023-06-19T12:44:02.191+0000] {dagbag.py:538} INFO - Filling up the DagBag from /opt/airflow/dags/dag_2_task.py
[2023-06-19T12:44:02.206+0000] {processor.py:753} INFO - DAG(s) dict_keys(['hello_world_dag1']) retrieved from /opt/airflow/dags/dag_2_task.py
[2023-06-19T12:44:02.236+0000] {logging_mixin.py:137} INFO - [2023-06-19T12:44:02.236+0000] {dag.py:2690} INFO - Sync 1 DAGs
[2023-06-19T12:44:02.295+0000] {logging_mixin.py:137} INFO - [2023-06-19T12:44:02.294+0000] {dag.py:3441} INFO - Setting next_dagrun for hello_world_dag1 to None, run_after=None
[2023-06-19T12:44:02.319+0000] {processor.py:175} INFO - Processing /opt/airflow/dags/dag_2_task.py took 0.133 seconds
[2023-06-19T12:44:32.398+0000] {processor.py:153} INFO - Started process (PID=4313) to work on /opt/airflow/dags/dag_2_task.py
[2023-06-19T12:44:32.399+0000] {processor.py:743} INFO - Processing file /opt/airflow/dags/dag_2_task.py for tasks to queue
[2023-06-19T12:44:32.400+0000] {logging_mixin.py:137} INFO - [2023-06-19T12:44:32.400+0000] {dagbag.py:538} INFO - Filling up the DagBag from /opt/airflow/dags/dag_2_task.py
[2023-06-19T12:44:32.412+0000] {processor.py:753} INFO - DAG(s) dict_keys(['hello_world_dag1']) retrieved from /opt/airflow/dags/dag_2_task.py
[2023-06-19T12:44:32.439+0000] {logging_mixin.py:137} INFO - [2023-06-19T12:44:32.438+0000] {dag.py:2690} INFO - Sync 1 DAGs
[2023-06-19T12:44:32.475+0000] {logging_mixin.py:137} INFO - [2023-06-19T12:44:32.475+0000] {dag.py:3441} INFO - Setting next_dagrun for hello_world_dag1 to None, run_after=None
[2023-06-19T12:44:32.505+0000] {processor.py:175} INFO - Processing /opt/airflow/dags/dag_2_task.py took 0.110 seconds
[2023-06-19T12:45:02.550+0000] {processor.py:153} INFO - Started process (PID=4362) to work on /opt/airflow/dags/dag_2_task.py
[2023-06-19T12:45:02.551+0000] {processor.py:743} INFO - Processing file /opt/airflow/dags/dag_2_task.py for tasks to queue
[2023-06-19T12:45:02.552+0000] {logging_mixin.py:137} INFO - [2023-06-19T12:45:02.552+0000] {dagbag.py:538} INFO - Filling up the DagBag from /opt/airflow/dags/dag_2_task.py
[2023-06-19T12:45:02.569+0000] {processor.py:753} INFO - DAG(s) dict_keys(['hello_world_dag1']) retrieved from /opt/airflow/dags/dag_2_task.py
[2023-06-19T12:45:02.616+0000] {logging_mixin.py:137} INFO - [2023-06-19T12:45:02.616+0000] {dag.py:2690} INFO - Sync 1 DAGs
[2023-06-19T12:45:02.646+0000] {logging_mixin.py:137} INFO - [2023-06-19T12:45:02.645+0000] {dag.py:3441} INFO - Setting next_dagrun for hello_world_dag1 to None, run_after=None
[2023-06-19T12:45:02.667+0000] {processor.py:175} INFO - Processing /opt/airflow/dags/dag_2_task.py took 0.120 seconds
[2023-06-19T12:45:32.820+0000] {processor.py:153} INFO - Started process (PID=4436) to work on /opt/airflow/dags/dag_2_task.py
[2023-06-19T12:45:32.821+0000] {processor.py:743} INFO - Processing file /opt/airflow/dags/dag_2_task.py for tasks to queue
[2023-06-19T12:45:32.822+0000] {logging_mixin.py:137} INFO - [2023-06-19T12:45:32.822+0000] {dagbag.py:538} INFO - Filling up the DagBag from /opt/airflow/dags/dag_2_task.py
[2023-06-19T12:45:32.835+0000] {processor.py:753} INFO - DAG(s) dict_keys(['hello_world_dag1']) retrieved from /opt/airflow/dags/dag_2_task.py
[2023-06-19T12:45:32.858+0000] {logging_mixin.py:137} INFO - [2023-06-19T12:45:32.858+0000] {dag.py:2690} INFO - Sync 1 DAGs
[2023-06-19T12:45:32.883+0000] {logging_mixin.py:137} INFO - [2023-06-19T12:45:32.883+0000] {dag.py:3441} INFO - Setting next_dagrun for hello_world_dag1 to None, run_after=None
[2023-06-19T12:45:32.903+0000] {processor.py:175} INFO - Processing /opt/airflow/dags/dag_2_task.py took 0.086 seconds
[2023-06-19T12:46:03.000+0000] {processor.py:153} INFO - Started process (PID=4485) to work on /opt/airflow/dags/dag_2_task.py
[2023-06-19T12:46:03.001+0000] {processor.py:743} INFO - Processing file /opt/airflow/dags/dag_2_task.py for tasks to queue
[2023-06-19T12:46:03.001+0000] {logging_mixin.py:137} INFO - [2023-06-19T12:46:03.001+0000] {dagbag.py:538} INFO - Filling up the DagBag from /opt/airflow/dags/dag_2_task.py
[2023-06-19T12:46:03.013+0000] {processor.py:753} INFO - DAG(s) dict_keys(['hello_world_dag1']) retrieved from /opt/airflow/dags/dag_2_task.py
[2023-06-19T12:46:03.034+0000] {logging_mixin.py:137} INFO - [2023-06-19T12:46:03.034+0000] {dag.py:2690} INFO - Sync 1 DAGs
[2023-06-19T12:46:03.056+0000] {logging_mixin.py:137} INFO - [2023-06-19T12:46:03.056+0000] {dag.py:3441} INFO - Setting next_dagrun for hello_world_dag1 to None, run_after=None
[2023-06-19T12:46:03.074+0000] {processor.py:175} INFO - Processing /opt/airflow/dags/dag_2_task.py took 0.076 seconds
[2023-06-19T12:46:33.151+0000] {processor.py:153} INFO - Started process (PID=4558) to work on /opt/airflow/dags/dag_2_task.py
[2023-06-19T12:46:33.152+0000] {processor.py:743} INFO - Processing file /opt/airflow/dags/dag_2_task.py for tasks to queue
[2023-06-19T12:46:33.153+0000] {logging_mixin.py:137} INFO - [2023-06-19T12:46:33.153+0000] {dagbag.py:538} INFO - Filling up the DagBag from /opt/airflow/dags/dag_2_task.py
[2023-06-19T12:46:33.165+0000] {processor.py:753} INFO - DAG(s) dict_keys(['hello_world_dag1']) retrieved from /opt/airflow/dags/dag_2_task.py
[2023-06-19T12:46:33.189+0000] {logging_mixin.py:137} INFO - [2023-06-19T12:46:33.188+0000] {dag.py:2690} INFO - Sync 1 DAGs
[2023-06-19T12:46:33.215+0000] {logging_mixin.py:137} INFO - [2023-06-19T12:46:33.215+0000] {dag.py:3441} INFO - Setting next_dagrun for hello_world_dag1 to None, run_after=None
[2023-06-19T12:46:33.232+0000] {processor.py:175} INFO - Processing /opt/airflow/dags/dag_2_task.py took 0.084 seconds
[2023-06-19T12:47:03.280+0000] {processor.py:153} INFO - Started process (PID=4607) to work on /opt/airflow/dags/dag_2_task.py
[2023-06-19T12:47:03.282+0000] {processor.py:743} INFO - Processing file /opt/airflow/dags/dag_2_task.py for tasks to queue
[2023-06-19T12:47:03.282+0000] {logging_mixin.py:137} INFO - [2023-06-19T12:47:03.282+0000] {dagbag.py:538} INFO - Filling up the DagBag from /opt/airflow/dags/dag_2_task.py
[2023-06-19T12:47:03.295+0000] {processor.py:753} INFO - DAG(s) dict_keys(['hello_world_dag1']) retrieved from /opt/airflow/dags/dag_2_task.py
[2023-06-19T12:47:03.321+0000] {logging_mixin.py:137} INFO - [2023-06-19T12:47:03.320+0000] {dag.py:2690} INFO - Sync 1 DAGs
[2023-06-19T12:47:03.343+0000] {logging_mixin.py:137} INFO - [2023-06-19T12:47:03.342+0000] {dag.py:3441} INFO - Setting next_dagrun for hello_world_dag1 to None, run_after=None
[2023-06-19T12:47:03.360+0000] {processor.py:175} INFO - Processing /opt/airflow/dags/dag_2_task.py took 0.083 seconds
[2023-06-19T12:47:33.506+0000] {processor.py:153} INFO - Started process (PID=4663) to work on /opt/airflow/dags/dag_2_task.py
[2023-06-19T12:47:33.506+0000] {processor.py:743} INFO - Processing file /opt/airflow/dags/dag_2_task.py for tasks to queue
[2023-06-19T12:47:33.507+0000] {logging_mixin.py:137} INFO - [2023-06-19T12:47:33.507+0000] {dagbag.py:538} INFO - Filling up the DagBag from /opt/airflow/dags/dag_2_task.py
[2023-06-19T12:47:33.518+0000] {processor.py:753} INFO - DAG(s) dict_keys(['hello_world_dag1']) retrieved from /opt/airflow/dags/dag_2_task.py
[2023-06-19T12:47:33.539+0000] {logging_mixin.py:137} INFO - [2023-06-19T12:47:33.539+0000] {dag.py:2690} INFO - Sync 1 DAGs
[2023-06-19T12:47:33.562+0000] {logging_mixin.py:137} INFO - [2023-06-19T12:47:33.562+0000] {dag.py:3441} INFO - Setting next_dagrun for hello_world_dag1 to None, run_after=None
[2023-06-19T12:47:33.593+0000] {processor.py:175} INFO - Processing /opt/airflow/dags/dag_2_task.py took 0.089 seconds
[2023-06-19T12:48:03.752+0000] {processor.py:153} INFO - Started process (PID=4729) to work on /opt/airflow/dags/dag_2_task.py
[2023-06-19T12:48:03.753+0000] {processor.py:743} INFO - Processing file /opt/airflow/dags/dag_2_task.py for tasks to queue
[2023-06-19T12:48:03.754+0000] {logging_mixin.py:137} INFO - [2023-06-19T12:48:03.754+0000] {dagbag.py:538} INFO - Filling up the DagBag from /opt/airflow/dags/dag_2_task.py
[2023-06-19T12:48:03.769+0000] {processor.py:753} INFO - DAG(s) dict_keys(['hello_world_dag1']) retrieved from /opt/airflow/dags/dag_2_task.py
[2023-06-19T12:48:03.798+0000] {logging_mixin.py:137} INFO - [2023-06-19T12:48:03.798+0000] {dag.py:2690} INFO - Sync 1 DAGs
[2023-06-19T12:48:03.825+0000] {logging_mixin.py:137} INFO - [2023-06-19T12:48:03.825+0000] {dag.py:3441} INFO - Setting next_dagrun for hello_world_dag1 to None, run_after=None
[2023-06-19T12:48:03.843+0000] {processor.py:175} INFO - Processing /opt/airflow/dags/dag_2_task.py took 0.094 seconds
[2023-06-19T12:48:34.018+0000] {processor.py:153} INFO - Started process (PID=4778) to work on /opt/airflow/dags/dag_2_task.py
[2023-06-19T12:48:34.019+0000] {processor.py:743} INFO - Processing file /opt/airflow/dags/dag_2_task.py for tasks to queue
[2023-06-19T12:48:34.019+0000] {logging_mixin.py:137} INFO - [2023-06-19T12:48:34.019+0000] {dagbag.py:538} INFO - Filling up the DagBag from /opt/airflow/dags/dag_2_task.py
[2023-06-19T12:48:34.035+0000] {processor.py:753} INFO - DAG(s) dict_keys(['hello_world_dag1']) retrieved from /opt/airflow/dags/dag_2_task.py
[2023-06-19T12:48:34.064+0000] {logging_mixin.py:137} INFO - [2023-06-19T12:48:34.064+0000] {dag.py:2690} INFO - Sync 1 DAGs
[2023-06-19T12:48:34.102+0000] {logging_mixin.py:137} INFO - [2023-06-19T12:48:34.102+0000] {dag.py:3441} INFO - Setting next_dagrun for hello_world_dag1 to None, run_after=None
[2023-06-19T12:48:34.128+0000] {processor.py:175} INFO - Processing /opt/airflow/dags/dag_2_task.py took 0.114 seconds
[2023-06-19T12:49:04.398+0000] {processor.py:153} INFO - Started process (PID=4851) to work on /opt/airflow/dags/dag_2_task.py
[2023-06-19T12:49:04.400+0000] {processor.py:743} INFO - Processing file /opt/airflow/dags/dag_2_task.py for tasks to queue
[2023-06-19T12:49:04.400+0000] {logging_mixin.py:137} INFO - [2023-06-19T12:49:04.400+0000] {dagbag.py:538} INFO - Filling up the DagBag from /opt/airflow/dags/dag_2_task.py
[2023-06-19T12:49:04.479+0000] {processor.py:753} INFO - DAG(s) dict_keys(['hello_world_dag1']) retrieved from /opt/airflow/dags/dag_2_task.py
[2023-06-19T12:49:04.513+0000] {logging_mixin.py:137} INFO - [2023-06-19T12:49:04.513+0000] {dag.py:2690} INFO - Sync 1 DAGs
[2023-06-19T12:49:04.609+0000] {logging_mixin.py:137} INFO - [2023-06-19T12:49:04.608+0000] {dag.py:3441} INFO - Setting next_dagrun for hello_world_dag1 to None, run_after=None
[2023-06-19T12:49:04.707+0000] {processor.py:175} INFO - Processing /opt/airflow/dags/dag_2_task.py took 0.313 seconds
[2023-06-19T12:49:34.938+0000] {processor.py:153} INFO - Started process (PID=4900) to work on /opt/airflow/dags/dag_2_task.py
[2023-06-19T12:49:34.939+0000] {processor.py:743} INFO - Processing file /opt/airflow/dags/dag_2_task.py for tasks to queue
[2023-06-19T12:49:34.940+0000] {logging_mixin.py:137} INFO - [2023-06-19T12:49:34.940+0000] {dagbag.py:538} INFO - Filling up the DagBag from /opt/airflow/dags/dag_2_task.py
[2023-06-19T12:49:34.953+0000] {processor.py:753} INFO - DAG(s) dict_keys(['hello_world_dag1']) retrieved from /opt/airflow/dags/dag_2_task.py
[2023-06-19T12:49:35.002+0000] {logging_mixin.py:137} INFO - [2023-06-19T12:49:35.002+0000] {dag.py:2690} INFO - Sync 1 DAGs
[2023-06-19T12:49:35.034+0000] {logging_mixin.py:137} INFO - [2023-06-19T12:49:35.034+0000] {dag.py:3441} INFO - Setting next_dagrun for hello_world_dag1 to None, run_after=None
[2023-06-19T12:49:35.053+0000] {processor.py:175} INFO - Processing /opt/airflow/dags/dag_2_task.py took 0.118 seconds
[2023-06-19T12:50:05.104+0000] {processor.py:153} INFO - Started process (PID=4949) to work on /opt/airflow/dags/dag_2_task.py
[2023-06-19T12:50:05.106+0000] {processor.py:743} INFO - Processing file /opt/airflow/dags/dag_2_task.py for tasks to queue
[2023-06-19T12:50:05.107+0000] {logging_mixin.py:137} INFO - [2023-06-19T12:50:05.107+0000] {dagbag.py:538} INFO - Filling up the DagBag from /opt/airflow/dags/dag_2_task.py
[2023-06-19T12:50:05.123+0000] {processor.py:753} INFO - DAG(s) dict_keys(['hello_world_dag1']) retrieved from /opt/airflow/dags/dag_2_task.py
[2023-06-19T12:50:05.158+0000] {logging_mixin.py:137} INFO - [2023-06-19T12:50:05.158+0000] {dag.py:2690} INFO - Sync 1 DAGs
[2023-06-19T12:50:05.196+0000] {logging_mixin.py:137} INFO - [2023-06-19T12:50:05.196+0000] {dag.py:3441} INFO - Setting next_dagrun for hello_world_dag1 to None, run_after=None
[2023-06-19T12:50:05.225+0000] {processor.py:175} INFO - Processing /opt/airflow/dags/dag_2_task.py took 0.124 seconds
[2023-06-19T12:50:35.453+0000] {processor.py:153} INFO - Started process (PID=5022) to work on /opt/airflow/dags/dag_2_task.py
[2023-06-19T12:50:35.454+0000] {processor.py:743} INFO - Processing file /opt/airflow/dags/dag_2_task.py for tasks to queue
[2023-06-19T12:50:35.455+0000] {logging_mixin.py:137} INFO - [2023-06-19T12:50:35.455+0000] {dagbag.py:538} INFO - Filling up the DagBag from /opt/airflow/dags/dag_2_task.py
[2023-06-19T12:50:35.471+0000] {processor.py:753} INFO - DAG(s) dict_keys(['hello_world_dag1']) retrieved from /opt/airflow/dags/dag_2_task.py
[2023-06-19T12:50:35.499+0000] {logging_mixin.py:137} INFO - [2023-06-19T12:50:35.499+0000] {dag.py:2690} INFO - Sync 1 DAGs
[2023-06-19T12:50:35.534+0000] {logging_mixin.py:137} INFO - [2023-06-19T12:50:35.534+0000] {dag.py:3441} INFO - Setting next_dagrun for hello_world_dag1 to None, run_after=None
[2023-06-19T12:50:35.557+0000] {processor.py:175} INFO - Processing /opt/airflow/dags/dag_2_task.py took 0.107 seconds
[2023-06-19T12:51:05.634+0000] {processor.py:153} INFO - Started process (PID=5070) to work on /opt/airflow/dags/dag_2_task.py
[2023-06-19T12:51:05.636+0000] {processor.py:743} INFO - Processing file /opt/airflow/dags/dag_2_task.py for tasks to queue
[2023-06-19T12:51:05.637+0000] {logging_mixin.py:137} INFO - [2023-06-19T12:51:05.637+0000] {dagbag.py:538} INFO - Filling up the DagBag from /opt/airflow/dags/dag_2_task.py
[2023-06-19T12:51:05.658+0000] {processor.py:753} INFO - DAG(s) dict_keys(['hello_world_dag1']) retrieved from /opt/airflow/dags/dag_2_task.py
[2023-06-19T12:51:05.698+0000] {logging_mixin.py:137} INFO - [2023-06-19T12:51:05.698+0000] {dag.py:2690} INFO - Sync 1 DAGs
[2023-06-19T12:51:05.742+0000] {logging_mixin.py:137} INFO - [2023-06-19T12:51:05.741+0000] {dag.py:3441} INFO - Setting next_dagrun for hello_world_dag1 to None, run_after=None
[2023-06-19T12:51:05.768+0000] {processor.py:175} INFO - Processing /opt/airflow/dags/dag_2_task.py took 0.138 seconds
[2023-06-19T12:51:35.974+0000] {processor.py:153} INFO - Started process (PID=5118) to work on /opt/airflow/dags/dag_2_task.py
[2023-06-19T12:51:35.976+0000] {processor.py:743} INFO - Processing file /opt/airflow/dags/dag_2_task.py for tasks to queue
[2023-06-19T12:51:35.977+0000] {logging_mixin.py:137} INFO - [2023-06-19T12:51:35.977+0000] {dagbag.py:538} INFO - Filling up the DagBag from /opt/airflow/dags/dag_2_task.py
[2023-06-19T12:51:35.997+0000] {processor.py:753} INFO - DAG(s) dict_keys(['hello_world_dag1']) retrieved from /opt/airflow/dags/dag_2_task.py
[2023-06-19T12:51:36.031+0000] {logging_mixin.py:137} INFO - [2023-06-19T12:51:36.031+0000] {dag.py:2690} INFO - Sync 1 DAGs
[2023-06-19T12:51:36.063+0000] {logging_mixin.py:137} INFO - [2023-06-19T12:51:36.062+0000] {dag.py:3441} INFO - Setting next_dagrun for hello_world_dag1 to None, run_after=None
[2023-06-19T12:51:36.092+0000] {processor.py:175} INFO - Processing /opt/airflow/dags/dag_2_task.py took 0.122 seconds
[2023-06-19T12:52:06.250+0000] {processor.py:153} INFO - Started process (PID=5167) to work on /opt/airflow/dags/dag_2_task.py
[2023-06-19T12:52:06.250+0000] {processor.py:743} INFO - Processing file /opt/airflow/dags/dag_2_task.py for tasks to queue
[2023-06-19T12:52:06.251+0000] {logging_mixin.py:137} INFO - [2023-06-19T12:52:06.251+0000] {dagbag.py:538} INFO - Filling up the DagBag from /opt/airflow/dags/dag_2_task.py
[2023-06-19T12:52:06.267+0000] {processor.py:753} INFO - DAG(s) dict_keys(['hello_world_dag1']) retrieved from /opt/airflow/dags/dag_2_task.py
[2023-06-19T12:52:06.335+0000] {logging_mixin.py:137} INFO - [2023-06-19T12:52:06.335+0000] {dag.py:2690} INFO - Sync 1 DAGs
[2023-06-19T12:52:06.369+0000] {logging_mixin.py:137} INFO - [2023-06-19T12:52:06.368+0000] {dag.py:3441} INFO - Setting next_dagrun for hello_world_dag1 to None, run_after=None
[2023-06-19T12:52:06.398+0000] {processor.py:175} INFO - Processing /opt/airflow/dags/dag_2_task.py took 0.152 seconds
[2023-06-19T12:52:36.582+0000] {processor.py:153} INFO - Started process (PID=5225) to work on /opt/airflow/dags/dag_2_task.py
[2023-06-19T12:52:36.583+0000] {processor.py:743} INFO - Processing file /opt/airflow/dags/dag_2_task.py for tasks to queue
[2023-06-19T12:52:36.584+0000] {logging_mixin.py:137} INFO - [2023-06-19T12:52:36.584+0000] {dagbag.py:538} INFO - Filling up the DagBag from /opt/airflow/dags/dag_2_task.py
[2023-06-19T12:52:36.600+0000] {processor.py:753} INFO - DAG(s) dict_keys(['hello_world_dag1']) retrieved from /opt/airflow/dags/dag_2_task.py
[2023-06-19T12:52:36.631+0000] {logging_mixin.py:137} INFO - [2023-06-19T12:52:36.631+0000] {dag.py:2690} INFO - Sync 1 DAGs
[2023-06-19T12:52:36.663+0000] {logging_mixin.py:137} INFO - [2023-06-19T12:52:36.663+0000] {dag.py:3441} INFO - Setting next_dagrun for hello_world_dag1 to None, run_after=None
[2023-06-19T12:52:36.693+0000] {processor.py:175} INFO - Processing /opt/airflow/dags/dag_2_task.py took 0.115 seconds
[2023-06-19T12:53:06.764+0000] {processor.py:153} INFO - Started process (PID=5289) to work on /opt/airflow/dags/dag_2_task.py
[2023-06-19T12:53:06.765+0000] {processor.py:743} INFO - Processing file /opt/airflow/dags/dag_2_task.py for tasks to queue
[2023-06-19T12:53:06.765+0000] {logging_mixin.py:137} INFO - [2023-06-19T12:53:06.765+0000] {dagbag.py:538} INFO - Filling up the DagBag from /opt/airflow/dags/dag_2_task.py
[2023-06-19T12:53:06.780+0000] {processor.py:753} INFO - DAG(s) dict_keys(['hello_world_dag1']) retrieved from /opt/airflow/dags/dag_2_task.py
[2023-06-19T12:53:06.807+0000] {logging_mixin.py:137} INFO - [2023-06-19T12:53:06.807+0000] {dag.py:2690} INFO - Sync 1 DAGs
[2023-06-19T12:53:06.842+0000] {logging_mixin.py:137} INFO - [2023-06-19T12:53:06.842+0000] {dag.py:3441} INFO - Setting next_dagrun for hello_world_dag1 to None, run_after=None
[2023-06-19T12:53:06.865+0000] {processor.py:175} INFO - Processing /opt/airflow/dags/dag_2_task.py took 0.105 seconds
[2023-06-19T12:53:36.931+0000] {processor.py:153} INFO - Started process (PID=5338) to work on /opt/airflow/dags/dag_2_task.py
[2023-06-19T12:53:36.933+0000] {processor.py:743} INFO - Processing file /opt/airflow/dags/dag_2_task.py for tasks to queue
[2023-06-19T12:53:36.934+0000] {logging_mixin.py:137} INFO - [2023-06-19T12:53:36.934+0000] {dagbag.py:538} INFO - Filling up the DagBag from /opt/airflow/dags/dag_2_task.py
[2023-06-19T12:53:36.952+0000] {processor.py:753} INFO - DAG(s) dict_keys(['hello_world_dag1']) retrieved from /opt/airflow/dags/dag_2_task.py
[2023-06-19T12:53:36.988+0000] {logging_mixin.py:137} INFO - [2023-06-19T12:53:36.988+0000] {dag.py:2690} INFO - Sync 1 DAGs
[2023-06-19T12:53:37.028+0000] {logging_mixin.py:137} INFO - [2023-06-19T12:53:37.028+0000] {dag.py:3441} INFO - Setting next_dagrun for hello_world_dag1 to None, run_after=None
[2023-06-19T12:53:37.077+0000] {processor.py:175} INFO - Processing /opt/airflow/dags/dag_2_task.py took 0.150 seconds
[2023-06-19T12:54:07.246+0000] {processor.py:153} INFO - Started process (PID=5387) to work on /opt/airflow/dags/dag_2_task.py
[2023-06-19T12:54:07.246+0000] {processor.py:743} INFO - Processing file /opt/airflow/dags/dag_2_task.py for tasks to queue
[2023-06-19T12:54:07.247+0000] {logging_mixin.py:137} INFO - [2023-06-19T12:54:07.247+0000] {dagbag.py:538} INFO - Filling up the DagBag from /opt/airflow/dags/dag_2_task.py
[2023-06-19T12:54:07.262+0000] {processor.py:753} INFO - DAG(s) dict_keys(['hello_world_dag1']) retrieved from /opt/airflow/dags/dag_2_task.py
[2023-06-19T12:54:07.291+0000] {logging_mixin.py:137} INFO - [2023-06-19T12:54:07.290+0000] {dag.py:2690} INFO - Sync 1 DAGs
[2023-06-19T12:54:07.319+0000] {logging_mixin.py:137} INFO - [2023-06-19T12:54:07.318+0000] {dag.py:3441} INFO - Setting next_dagrun for hello_world_dag1 to None, run_after=None
[2023-06-19T12:54:07.341+0000] {processor.py:175} INFO - Processing /opt/airflow/dags/dag_2_task.py took 0.098 seconds
[2023-06-19T12:54:37.584+0000] {processor.py:153} INFO - Started process (PID=5459) to work on /opt/airflow/dags/dag_2_task.py
[2023-06-19T12:54:37.586+0000] {processor.py:743} INFO - Processing file /opt/airflow/dags/dag_2_task.py for tasks to queue
[2023-06-19T12:54:37.586+0000] {logging_mixin.py:137} INFO - [2023-06-19T12:54:37.586+0000] {dagbag.py:538} INFO - Filling up the DagBag from /opt/airflow/dags/dag_2_task.py
[2023-06-19T12:54:37.604+0000] {processor.py:753} INFO - DAG(s) dict_keys(['hello_world_dag1']) retrieved from /opt/airflow/dags/dag_2_task.py
[2023-06-19T12:54:37.642+0000] {logging_mixin.py:137} INFO - [2023-06-19T12:54:37.642+0000] {dag.py:2690} INFO - Sync 1 DAGs
[2023-06-19T12:54:37.679+0000] {logging_mixin.py:137} INFO - [2023-06-19T12:54:37.679+0000] {dag.py:3441} INFO - Setting next_dagrun for hello_world_dag1 to None, run_after=None
[2023-06-19T12:54:37.702+0000] {processor.py:175} INFO - Processing /opt/airflow/dags/dag_2_task.py took 0.122 seconds
[2023-06-19T12:55:08.018+0000] {processor.py:153} INFO - Started process (PID=5508) to work on /opt/airflow/dags/dag_2_task.py
[2023-06-19T12:55:08.018+0000] {processor.py:743} INFO - Processing file /opt/airflow/dags/dag_2_task.py for tasks to queue
[2023-06-19T12:55:08.019+0000] {logging_mixin.py:137} INFO - [2023-06-19T12:55:08.019+0000] {dagbag.py:538} INFO - Filling up the DagBag from /opt/airflow/dags/dag_2_task.py
[2023-06-19T12:55:08.033+0000] {processor.py:753} INFO - DAG(s) dict_keys(['hello_world_dag1']) retrieved from /opt/airflow/dags/dag_2_task.py
[2023-06-19T12:55:08.063+0000] {logging_mixin.py:137} INFO - [2023-06-19T12:55:08.062+0000] {dag.py:2690} INFO - Sync 1 DAGs
[2023-06-19T12:55:08.095+0000] {logging_mixin.py:137} INFO - [2023-06-19T12:55:08.095+0000] {dag.py:3441} INFO - Setting next_dagrun for hello_world_dag1 to None, run_after=None
[2023-06-19T12:55:08.123+0000] {processor.py:175} INFO - Processing /opt/airflow/dags/dag_2_task.py took 0.108 seconds
[2023-06-19T12:55:38.240+0000] {processor.py:153} INFO - Started process (PID=5557) to work on /opt/airflow/dags/dag_2_task.py
[2023-06-19T12:55:38.242+0000] {processor.py:743} INFO - Processing file /opt/airflow/dags/dag_2_task.py for tasks to queue
[2023-06-19T12:55:38.242+0000] {logging_mixin.py:137} INFO - [2023-06-19T12:55:38.242+0000] {dagbag.py:538} INFO - Filling up the DagBag from /opt/airflow/dags/dag_2_task.py
[2023-06-19T12:55:38.256+0000] {processor.py:753} INFO - DAG(s) dict_keys(['hello_world_dag1']) retrieved from /opt/airflow/dags/dag_2_task.py
[2023-06-19T12:55:38.284+0000] {logging_mixin.py:137} INFO - [2023-06-19T12:55:38.283+0000] {dag.py:2690} INFO - Sync 1 DAGs
[2023-06-19T12:55:38.310+0000] {logging_mixin.py:137} INFO - [2023-06-19T12:55:38.310+0000] {dag.py:3441} INFO - Setting next_dagrun for hello_world_dag1 to None, run_after=None
[2023-06-19T12:55:38.333+0000] {processor.py:175} INFO - Processing /opt/airflow/dags/dag_2_task.py took 0.096 seconds
[2023-06-19T12:56:08.390+0000] {processor.py:153} INFO - Started process (PID=5630) to work on /opt/airflow/dags/dag_2_task.py
[2023-06-19T12:56:08.391+0000] {processor.py:743} INFO - Processing file /opt/airflow/dags/dag_2_task.py for tasks to queue
[2023-06-19T12:56:08.391+0000] {logging_mixin.py:137} INFO - [2023-06-19T12:56:08.391+0000] {dagbag.py:538} INFO - Filling up the DagBag from /opt/airflow/dags/dag_2_task.py
[2023-06-19T12:56:08.403+0000] {processor.py:753} INFO - DAG(s) dict_keys(['hello_world_dag1']) retrieved from /opt/airflow/dags/dag_2_task.py
[2023-06-19T12:56:08.426+0000] {logging_mixin.py:137} INFO - [2023-06-19T12:56:08.426+0000] {dag.py:2690} INFO - Sync 1 DAGs
[2023-06-19T12:56:08.457+0000] {logging_mixin.py:137} INFO - [2023-06-19T12:56:08.456+0000] {dag.py:3441} INFO - Setting next_dagrun for hello_world_dag1 to None, run_after=None
[2023-06-19T12:56:08.479+0000] {processor.py:175} INFO - Processing /opt/airflow/dags/dag_2_task.py took 0.092 seconds
[2023-06-19T12:56:38.549+0000] {processor.py:153} INFO - Started process (PID=5679) to work on /opt/airflow/dags/dag_2_task.py
[2023-06-19T12:56:38.551+0000] {processor.py:743} INFO - Processing file /opt/airflow/dags/dag_2_task.py for tasks to queue
[2023-06-19T12:56:38.552+0000] {logging_mixin.py:137} INFO - [2023-06-19T12:56:38.552+0000] {dagbag.py:538} INFO - Filling up the DagBag from /opt/airflow/dags/dag_2_task.py
[2023-06-19T12:56:38.569+0000] {processor.py:753} INFO - DAG(s) dict_keys(['hello_world_dag1']) retrieved from /opt/airflow/dags/dag_2_task.py
[2023-06-19T12:56:38.604+0000] {logging_mixin.py:137} INFO - [2023-06-19T12:56:38.603+0000] {dag.py:2690} INFO - Sync 1 DAGs
[2023-06-19T12:56:38.677+0000] {logging_mixin.py:137} INFO - [2023-06-19T12:56:38.677+0000] {dag.py:3441} INFO - Setting next_dagrun for hello_world_dag1 to None, run_after=None
[2023-06-19T12:56:38.709+0000] {processor.py:175} INFO - Processing /opt/airflow/dags/dag_2_task.py took 0.164 seconds
[2023-06-19T12:57:08.959+0000] {processor.py:153} INFO - Started process (PID=5737) to work on /opt/airflow/dags/dag_2_task.py
[2023-06-19T12:57:08.961+0000] {processor.py:743} INFO - Processing file /opt/airflow/dags/dag_2_task.py for tasks to queue
[2023-06-19T12:57:08.962+0000] {logging_mixin.py:137} INFO - [2023-06-19T12:57:08.962+0000] {dagbag.py:538} INFO - Filling up the DagBag from /opt/airflow/dags/dag_2_task.py
[2023-06-19T12:57:08.976+0000] {processor.py:753} INFO - DAG(s) dict_keys(['hello_world_dag1']) retrieved from /opt/airflow/dags/dag_2_task.py
[2023-06-19T12:57:09.013+0000] {logging_mixin.py:137} INFO - [2023-06-19T12:57:09.013+0000] {dag.py:2690} INFO - Sync 1 DAGs
[2023-06-19T12:57:09.048+0000] {logging_mixin.py:137} INFO - [2023-06-19T12:57:09.048+0000] {dag.py:3441} INFO - Setting next_dagrun for hello_world_dag1 to None, run_after=None
[2023-06-19T12:57:09.073+0000] {processor.py:175} INFO - Processing /opt/airflow/dags/dag_2_task.py took 0.117 seconds
[2023-06-19T12:57:39.220+0000] {processor.py:153} INFO - Started process (PID=5801) to work on /opt/airflow/dags/dag_2_task.py
[2023-06-19T12:57:39.221+0000] {processor.py:743} INFO - Processing file /opt/airflow/dags/dag_2_task.py for tasks to queue
[2023-06-19T12:57:39.221+0000] {logging_mixin.py:137} INFO - [2023-06-19T12:57:39.221+0000] {dagbag.py:538} INFO - Filling up the DagBag from /opt/airflow/dags/dag_2_task.py
[2023-06-19T12:57:39.236+0000] {processor.py:753} INFO - DAG(s) dict_keys(['hello_world_dag1']) retrieved from /opt/airflow/dags/dag_2_task.py
[2023-06-19T12:57:39.268+0000] {logging_mixin.py:137} INFO - [2023-06-19T12:57:39.268+0000] {dag.py:2690} INFO - Sync 1 DAGs
[2023-06-19T12:57:39.300+0000] {logging_mixin.py:137} INFO - [2023-06-19T12:57:39.300+0000] {dag.py:3441} INFO - Setting next_dagrun for hello_world_dag1 to None, run_after=None
[2023-06-19T12:57:39.323+0000] {processor.py:175} INFO - Processing /opt/airflow/dags/dag_2_task.py took 0.107 seconds
[2023-06-19T12:58:09.430+0000] {processor.py:153} INFO - Started process (PID=5850) to work on /opt/airflow/dags/dag_2_task.py
[2023-06-19T12:58:09.432+0000] {processor.py:743} INFO - Processing file /opt/airflow/dags/dag_2_task.py for tasks to queue
[2023-06-19T12:58:09.432+0000] {logging_mixin.py:137} INFO - [2023-06-19T12:58:09.432+0000] {dagbag.py:538} INFO - Filling up the DagBag from /opt/airflow/dags/dag_2_task.py
[2023-06-19T12:58:09.446+0000] {processor.py:753} INFO - DAG(s) dict_keys(['hello_world_dag1']) retrieved from /opt/airflow/dags/dag_2_task.py
[2023-06-19T12:58:09.473+0000] {logging_mixin.py:137} INFO - [2023-06-19T12:58:09.473+0000] {dag.py:2690} INFO - Sync 1 DAGs
[2023-06-19T12:58:09.499+0000] {logging_mixin.py:137} INFO - [2023-06-19T12:58:09.498+0000] {dag.py:3441} INFO - Setting next_dagrun for hello_world_dag1 to None, run_after=None
[2023-06-19T12:58:09.519+0000] {processor.py:175} INFO - Processing /opt/airflow/dags/dag_2_task.py took 0.092 seconds
[2023-06-19T12:58:39.656+0000] {processor.py:153} INFO - Started process (PID=5899) to work on /opt/airflow/dags/dag_2_task.py
[2023-06-19T12:58:39.657+0000] {processor.py:743} INFO - Processing file /opt/airflow/dags/dag_2_task.py for tasks to queue
[2023-06-19T12:58:39.658+0000] {logging_mixin.py:137} INFO - [2023-06-19T12:58:39.657+0000] {dagbag.py:538} INFO - Filling up the DagBag from /opt/airflow/dags/dag_2_task.py
[2023-06-19T12:58:39.673+0000] {processor.py:753} INFO - DAG(s) dict_keys(['hello_world_dag1']) retrieved from /opt/airflow/dags/dag_2_task.py
[2023-06-19T12:58:39.709+0000] {logging_mixin.py:137} INFO - [2023-06-19T12:58:39.709+0000] {dag.py:2690} INFO - Sync 1 DAGs
[2023-06-19T12:58:39.741+0000] {logging_mixin.py:137} INFO - [2023-06-19T12:58:39.741+0000] {dag.py:3441} INFO - Setting next_dagrun for hello_world_dag1 to None, run_after=None
[2023-06-19T12:58:39.791+0000] {processor.py:175} INFO - Processing /opt/airflow/dags/dag_2_task.py took 0.140 seconds
[2023-06-19T12:59:09.908+0000] {processor.py:153} INFO - Started process (PID=5972) to work on /opt/airflow/dags/dag_2_task.py
[2023-06-19T12:59:09.910+0000] {processor.py:743} INFO - Processing file /opt/airflow/dags/dag_2_task.py for tasks to queue
[2023-06-19T12:59:09.911+0000] {logging_mixin.py:137} INFO - [2023-06-19T12:59:09.911+0000] {dagbag.py:538} INFO - Filling up the DagBag from /opt/airflow/dags/dag_2_task.py
[2023-06-19T12:59:09.927+0000] {processor.py:753} INFO - DAG(s) dict_keys(['hello_world_dag1']) retrieved from /opt/airflow/dags/dag_2_task.py
[2023-06-19T12:59:09.956+0000] {logging_mixin.py:137} INFO - [2023-06-19T12:59:09.956+0000] {dag.py:2690} INFO - Sync 1 DAGs
[2023-06-19T12:59:09.992+0000] {logging_mixin.py:137} INFO - [2023-06-19T12:59:09.992+0000] {dag.py:3441} INFO - Setting next_dagrun for hello_world_dag1 to None, run_after=None
[2023-06-19T12:59:10.017+0000] {processor.py:175} INFO - Processing /opt/airflow/dags/dag_2_task.py took 0.112 seconds
[2023-06-19T12:59:40.176+0000] {processor.py:153} INFO - Started process (PID=6021) to work on /opt/airflow/dags/dag_2_task.py
[2023-06-19T12:59:40.177+0000] {processor.py:743} INFO - Processing file /opt/airflow/dags/dag_2_task.py for tasks to queue
[2023-06-19T12:59:40.178+0000] {logging_mixin.py:137} INFO - [2023-06-19T12:59:40.178+0000] {dagbag.py:538} INFO - Filling up the DagBag from /opt/airflow/dags/dag_2_task.py
[2023-06-19T12:59:40.194+0000] {processor.py:753} INFO - DAG(s) dict_keys(['hello_world_dag1']) retrieved from /opt/airflow/dags/dag_2_task.py
[2023-06-19T12:59:40.236+0000] {logging_mixin.py:137} INFO - [2023-06-19T12:59:40.236+0000] {dag.py:2690} INFO - Sync 1 DAGs
[2023-06-19T12:59:40.309+0000] {logging_mixin.py:137} INFO - [2023-06-19T12:59:40.309+0000] {dag.py:3441} INFO - Setting next_dagrun for hello_world_dag1 to None, run_after=None
[2023-06-19T12:59:40.342+0000] {processor.py:175} INFO - Processing /opt/airflow/dags/dag_2_task.py took 0.170 seconds
[2023-06-19T13:00:10.415+0000] {processor.py:153} INFO - Started process (PID=6070) to work on /opt/airflow/dags/dag_2_task.py
[2023-06-19T13:00:10.416+0000] {processor.py:743} INFO - Processing file /opt/airflow/dags/dag_2_task.py for tasks to queue
[2023-06-19T13:00:10.417+0000] {logging_mixin.py:137} INFO - [2023-06-19T13:00:10.417+0000] {dagbag.py:538} INFO - Filling up the DagBag from /opt/airflow/dags/dag_2_task.py
[2023-06-19T13:00:10.433+0000] {processor.py:753} INFO - DAG(s) dict_keys(['hello_world_dag1']) retrieved from /opt/airflow/dags/dag_2_task.py
[2023-06-19T13:00:10.467+0000] {logging_mixin.py:137} INFO - [2023-06-19T13:00:10.467+0000] {dag.py:2690} INFO - Sync 1 DAGs
[2023-06-19T13:00:10.498+0000] {logging_mixin.py:137} INFO - [2023-06-19T13:00:10.498+0000] {dag.py:3441} INFO - Setting next_dagrun for hello_world_dag1 to None, run_after=None
[2023-06-19T13:00:10.520+0000] {processor.py:175} INFO - Processing /opt/airflow/dags/dag_2_task.py took 0.109 seconds
[2023-06-19T13:00:40.791+0000] {processor.py:153} INFO - Started process (PID=6126) to work on /opt/airflow/dags/dag_2_task.py
[2023-06-19T13:00:40.793+0000] {processor.py:743} INFO - Processing file /opt/airflow/dags/dag_2_task.py for tasks to queue
[2023-06-19T13:00:40.794+0000] {logging_mixin.py:137} INFO - [2023-06-19T13:00:40.794+0000] {dagbag.py:538} INFO - Filling up the DagBag from /opt/airflow/dags/dag_2_task.py
[2023-06-19T13:00:40.812+0000] {processor.py:753} INFO - DAG(s) dict_keys(['hello_world_dag1']) retrieved from /opt/airflow/dags/dag_2_task.py
[2023-06-19T13:00:40.888+0000] {logging_mixin.py:137} INFO - [2023-06-19T13:00:40.888+0000] {dag.py:2690} INFO - Sync 1 DAGs
[2023-06-19T13:00:40.923+0000] {logging_mixin.py:137} INFO - [2023-06-19T13:00:40.923+0000] {dag.py:3441} INFO - Setting next_dagrun for hello_world_dag1 to None, run_after=None
[2023-06-19T13:00:40.986+0000] {processor.py:175} INFO - Processing /opt/airflow/dags/dag_2_task.py took 0.198 seconds
[2023-06-19T13:01:11.111+0000] {processor.py:153} INFO - Started process (PID=6192) to work on /opt/airflow/dags/dag_2_task.py
[2023-06-19T13:01:11.112+0000] {processor.py:743} INFO - Processing file /opt/airflow/dags/dag_2_task.py for tasks to queue
[2023-06-19T13:01:11.113+0000] {logging_mixin.py:137} INFO - [2023-06-19T13:01:11.113+0000] {dagbag.py:538} INFO - Filling up the DagBag from /opt/airflow/dags/dag_2_task.py
[2023-06-19T13:01:11.129+0000] {processor.py:753} INFO - DAG(s) dict_keys(['hello_world_dag1']) retrieved from /opt/airflow/dags/dag_2_task.py
[2023-06-19T13:01:11.157+0000] {logging_mixin.py:137} INFO - [2023-06-19T13:01:11.157+0000] {dag.py:2690} INFO - Sync 1 DAGs
[2023-06-19T13:01:11.189+0000] {logging_mixin.py:137} INFO - [2023-06-19T13:01:11.188+0000] {dag.py:3441} INFO - Setting next_dagrun for hello_world_dag1 to None, run_after=None
[2023-06-19T13:01:11.213+0000] {processor.py:175} INFO - Processing /opt/airflow/dags/dag_2_task.py took 0.106 seconds
[2023-06-19T13:01:41.416+0000] {processor.py:153} INFO - Started process (PID=6241) to work on /opt/airflow/dags/dag_2_task.py
[2023-06-19T13:01:41.417+0000] {processor.py:743} INFO - Processing file /opt/airflow/dags/dag_2_task.py for tasks to queue
[2023-06-19T13:01:41.418+0000] {logging_mixin.py:137} INFO - [2023-06-19T13:01:41.418+0000] {dagbag.py:538} INFO - Filling up the DagBag from /opt/airflow/dags/dag_2_task.py
[2023-06-19T13:01:41.433+0000] {processor.py:753} INFO - DAG(s) dict_keys(['hello_world_dag1']) retrieved from /opt/airflow/dags/dag_2_task.py
[2023-06-19T13:01:41.466+0000] {logging_mixin.py:137} INFO - [2023-06-19T13:01:41.466+0000] {dag.py:2690} INFO - Sync 1 DAGs
[2023-06-19T13:01:41.497+0000] {logging_mixin.py:137} INFO - [2023-06-19T13:01:41.497+0000] {dag.py:3441} INFO - Setting next_dagrun for hello_world_dag1 to None, run_after=None
[2023-06-19T13:01:41.524+0000] {processor.py:175} INFO - Processing /opt/airflow/dags/dag_2_task.py took 0.111 seconds
[2023-06-19T13:02:11.738+0000] {processor.py:153} INFO - Started process (PID=6290) to work on /opt/airflow/dags/dag_2_task.py
[2023-06-19T13:02:11.738+0000] {processor.py:743} INFO - Processing file /opt/airflow/dags/dag_2_task.py for tasks to queue
[2023-06-19T13:02:11.739+0000] {logging_mixin.py:137} INFO - [2023-06-19T13:02:11.739+0000] {dagbag.py:538} INFO - Filling up the DagBag from /opt/airflow/dags/dag_2_task.py
[2023-06-19T13:02:11.752+0000] {processor.py:753} INFO - DAG(s) dict_keys(['hello_world_dag1']) retrieved from /opt/airflow/dags/dag_2_task.py
[2023-06-19T13:02:11.780+0000] {logging_mixin.py:137} INFO - [2023-06-19T13:02:11.780+0000] {dag.py:2690} INFO - Sync 1 DAGs
[2023-06-19T13:02:11.813+0000] {logging_mixin.py:137} INFO - [2023-06-19T13:02:11.813+0000] {dag.py:3441} INFO - Setting next_dagrun for hello_world_dag1 to None, run_after=None
[2023-06-19T13:02:11.836+0000] {processor.py:175} INFO - Processing /opt/airflow/dags/dag_2_task.py took 0.102 seconds
[2023-06-19T13:02:42.030+0000] {processor.py:153} INFO - Started process (PID=6339) to work on /opt/airflow/dags/dag_2_task.py
[2023-06-19T13:02:42.031+0000] {processor.py:743} INFO - Processing file /opt/airflow/dags/dag_2_task.py for tasks to queue
[2023-06-19T13:02:42.032+0000] {logging_mixin.py:137} INFO - [2023-06-19T13:02:42.032+0000] {dagbag.py:538} INFO - Filling up the DagBag from /opt/airflow/dags/dag_2_task.py
[2023-06-19T13:02:42.045+0000] {processor.py:753} INFO - DAG(s) dict_keys(['hello_world_dag1']) retrieved from /opt/airflow/dags/dag_2_task.py
[2023-06-19T13:02:42.075+0000] {logging_mixin.py:137} INFO - [2023-06-19T13:02:42.075+0000] {dag.py:2690} INFO - Sync 1 DAGs
[2023-06-19T13:02:42.113+0000] {logging_mixin.py:137} INFO - [2023-06-19T13:02:42.113+0000] {dag.py:3441} INFO - Setting next_dagrun for hello_world_dag1 to None, run_after=None
[2023-06-19T13:02:42.134+0000] {processor.py:175} INFO - Processing /opt/airflow/dags/dag_2_task.py took 0.107 seconds
[2023-06-19T13:03:12.255+0000] {processor.py:153} INFO - Started process (PID=6388) to work on /opt/airflow/dags/dag_2_task.py
[2023-06-19T13:03:12.256+0000] {processor.py:743} INFO - Processing file /opt/airflow/dags/dag_2_task.py for tasks to queue
[2023-06-19T13:03:12.257+0000] {logging_mixin.py:137} INFO - [2023-06-19T13:03:12.257+0000] {dagbag.py:538} INFO - Filling up the DagBag from /opt/airflow/dags/dag_2_task.py
[2023-06-19T13:03:12.273+0000] {processor.py:753} INFO - DAG(s) dict_keys(['hello_world_dag1']) retrieved from /opt/airflow/dags/dag_2_task.py
[2023-06-19T13:03:12.309+0000] {logging_mixin.py:137} INFO - [2023-06-19T13:03:12.308+0000] {dag.py:2690} INFO - Sync 1 DAGs
[2023-06-19T13:03:12.342+0000] {logging_mixin.py:137} INFO - [2023-06-19T13:03:12.341+0000] {dag.py:3441} INFO - Setting next_dagrun for hello_world_dag1 to None, run_after=None
[2023-06-19T13:03:12.365+0000] {processor.py:175} INFO - Processing /opt/airflow/dags/dag_2_task.py took 0.115 seconds
[2023-06-19T13:03:42.510+0000] {processor.py:153} INFO - Started process (PID=6461) to work on /opt/airflow/dags/dag_2_task.py
[2023-06-19T13:03:42.512+0000] {processor.py:743} INFO - Processing file /opt/airflow/dags/dag_2_task.py for tasks to queue
[2023-06-19T13:03:42.513+0000] {logging_mixin.py:137} INFO - [2023-06-19T13:03:42.512+0000] {dagbag.py:538} INFO - Filling up the DagBag from /opt/airflow/dags/dag_2_task.py
[2023-06-19T13:03:42.529+0000] {processor.py:753} INFO - DAG(s) dict_keys(['hello_world_dag1']) retrieved from /opt/airflow/dags/dag_2_task.py
[2023-06-19T13:03:42.558+0000] {logging_mixin.py:137} INFO - [2023-06-19T13:03:42.558+0000] {dag.py:2690} INFO - Sync 1 DAGs
[2023-06-19T13:03:42.590+0000] {logging_mixin.py:137} INFO - [2023-06-19T13:03:42.590+0000] {dag.py:3441} INFO - Setting next_dagrun for hello_world_dag1 to None, run_after=None
[2023-06-19T13:03:42.614+0000] {processor.py:175} INFO - Processing /opt/airflow/dags/dag_2_task.py took 0.108 seconds
[2023-06-19T13:04:12.747+0000] {processor.py:153} INFO - Started process (PID=6510) to work on /opt/airflow/dags/dag_2_task.py
[2023-06-19T13:04:12.748+0000] {processor.py:743} INFO - Processing file /opt/airflow/dags/dag_2_task.py for tasks to queue
[2023-06-19T13:04:12.749+0000] {logging_mixin.py:137} INFO - [2023-06-19T13:04:12.748+0000] {dagbag.py:538} INFO - Filling up the DagBag from /opt/airflow/dags/dag_2_task.py
[2023-06-19T13:04:12.765+0000] {processor.py:753} INFO - DAG(s) dict_keys(['hello_world_dag1']) retrieved from /opt/airflow/dags/dag_2_task.py
[2023-06-19T13:04:12.795+0000] {logging_mixin.py:137} INFO - [2023-06-19T13:04:12.795+0000] {dag.py:2690} INFO - Sync 1 DAGs
[2023-06-19T13:04:12.830+0000] {logging_mixin.py:137} INFO - [2023-06-19T13:04:12.830+0000] {dag.py:3441} INFO - Setting next_dagrun for hello_world_dag1 to None, run_after=None
[2023-06-19T13:04:12.851+0000] {processor.py:175} INFO - Processing /opt/airflow/dags/dag_2_task.py took 0.107 seconds
[2023-06-19T13:04:42.948+0000] {processor.py:153} INFO - Started process (PID=6559) to work on /opt/airflow/dags/dag_2_task.py
[2023-06-19T13:04:42.950+0000] {processor.py:743} INFO - Processing file /opt/airflow/dags/dag_2_task.py for tasks to queue
[2023-06-19T13:04:42.951+0000] {logging_mixin.py:137} INFO - [2023-06-19T13:04:42.951+0000] {dagbag.py:538} INFO - Filling up the DagBag from /opt/airflow/dags/dag_2_task.py
[2023-06-19T13:04:42.970+0000] {processor.py:753} INFO - DAG(s) dict_keys(['hello_world_dag1']) retrieved from /opt/airflow/dags/dag_2_task.py
[2023-06-19T13:04:43.007+0000] {logging_mixin.py:137} INFO - [2023-06-19T13:04:43.006+0000] {dag.py:2690} INFO - Sync 1 DAGs
[2023-06-19T13:04:43.046+0000] {logging_mixin.py:137} INFO - [2023-06-19T13:04:43.046+0000] {dag.py:3441} INFO - Setting next_dagrun for hello_world_dag1 to None, run_after=None
[2023-06-19T13:04:43.074+0000] {processor.py:175} INFO - Processing /opt/airflow/dags/dag_2_task.py took 0.130 seconds
[2023-06-19T13:05:13.220+0000] {processor.py:153} INFO - Started process (PID=6608) to work on /opt/airflow/dags/dag_2_task.py
[2023-06-19T13:05:13.221+0000] {processor.py:743} INFO - Processing file /opt/airflow/dags/dag_2_task.py for tasks to queue
[2023-06-19T13:05:13.221+0000] {logging_mixin.py:137} INFO - [2023-06-19T13:05:13.221+0000] {dagbag.py:538} INFO - Filling up the DagBag from /opt/airflow/dags/dag_2_task.py
[2023-06-19T13:05:13.235+0000] {processor.py:753} INFO - DAG(s) dict_keys(['hello_world_dag1']) retrieved from /opt/airflow/dags/dag_2_task.py
[2023-06-19T13:05:13.261+0000] {logging_mixin.py:137} INFO - [2023-06-19T13:05:13.261+0000] {dag.py:2690} INFO - Sync 1 DAGs
[2023-06-19T13:05:13.288+0000] {logging_mixin.py:137} INFO - [2023-06-19T13:05:13.287+0000] {dag.py:3441} INFO - Setting next_dagrun for hello_world_dag1 to None, run_after=None
[2023-06-19T13:05:13.316+0000] {processor.py:175} INFO - Processing /opt/airflow/dags/dag_2_task.py took 0.099 seconds
[2023-06-19T13:05:43.370+0000] {processor.py:153} INFO - Started process (PID=6681) to work on /opt/airflow/dags/dag_2_task.py
[2023-06-19T13:05:43.372+0000] {processor.py:743} INFO - Processing file /opt/airflow/dags/dag_2_task.py for tasks to queue
[2023-06-19T13:05:43.373+0000] {logging_mixin.py:137} INFO - [2023-06-19T13:05:43.373+0000] {dagbag.py:538} INFO - Filling up the DagBag from /opt/airflow/dags/dag_2_task.py
[2023-06-19T13:05:43.386+0000] {processor.py:753} INFO - DAG(s) dict_keys(['hello_world_dag1']) retrieved from /opt/airflow/dags/dag_2_task.py
[2023-06-19T13:05:43.414+0000] {logging_mixin.py:137} INFO - [2023-06-19T13:05:43.414+0000] {dag.py:2690} INFO - Sync 1 DAGs
[2023-06-19T13:05:43.445+0000] {logging_mixin.py:137} INFO - [2023-06-19T13:05:43.445+0000] {dag.py:3441} INFO - Setting next_dagrun for hello_world_dag1 to None, run_after=None
[2023-06-19T13:05:43.465+0000] {processor.py:175} INFO - Processing /opt/airflow/dags/dag_2_task.py took 0.098 seconds
[2023-06-19T13:06:13.648+0000] {processor.py:153} INFO - Started process (PID=6730) to work on /opt/airflow/dags/dag_2_task.py
[2023-06-19T13:06:13.649+0000] {processor.py:743} INFO - Processing file /opt/airflow/dags/dag_2_task.py for tasks to queue
[2023-06-19T13:06:13.649+0000] {logging_mixin.py:137} INFO - [2023-06-19T13:06:13.649+0000] {dagbag.py:538} INFO - Filling up the DagBag from /opt/airflow/dags/dag_2_task.py
[2023-06-19T13:06:13.664+0000] {processor.py:753} INFO - DAG(s) dict_keys(['hello_world_dag1']) retrieved from /opt/airflow/dags/dag_2_task.py
[2023-06-19T13:06:13.698+0000] {logging_mixin.py:137} INFO - [2023-06-19T13:06:13.697+0000] {dag.py:2690} INFO - Sync 1 DAGs
[2023-06-19T13:06:13.733+0000] {logging_mixin.py:137} INFO - [2023-06-19T13:06:13.732+0000] {dag.py:3441} INFO - Setting next_dagrun for hello_world_dag1 to None, run_after=None
[2023-06-19T13:06:13.758+0000] {processor.py:175} INFO - Processing /opt/airflow/dags/dag_2_task.py took 0.113 seconds
[2023-06-19T13:06:43.950+0000] {processor.py:153} INFO - Started process (PID=6779) to work on /opt/airflow/dags/dag_2_task.py
[2023-06-19T13:06:43.951+0000] {processor.py:743} INFO - Processing file /opt/airflow/dags/dag_2_task.py for tasks to queue
[2023-06-19T13:06:43.952+0000] {logging_mixin.py:137} INFO - [2023-06-19T13:06:43.952+0000] {dagbag.py:538} INFO - Filling up the DagBag from /opt/airflow/dags/dag_2_task.py
[2023-06-19T13:06:43.969+0000] {processor.py:753} INFO - DAG(s) dict_keys(['hello_world_dag1']) retrieved from /opt/airflow/dags/dag_2_task.py
[2023-06-19T13:06:43.999+0000] {logging_mixin.py:137} INFO - [2023-06-19T13:06:43.999+0000] {dag.py:2690} INFO - Sync 1 DAGs
[2023-06-19T13:06:44.030+0000] {logging_mixin.py:137} INFO - [2023-06-19T13:06:44.030+0000] {dag.py:3441} INFO - Setting next_dagrun for hello_world_dag1 to None, run_after=None
[2023-06-19T13:06:44.072+0000] {processor.py:175} INFO - Processing /opt/airflow/dags/dag_2_task.py took 0.126 seconds
[2023-06-19T13:07:14.148+0000] {processor.py:153} INFO - Started process (PID=6828) to work on /opt/airflow/dags/dag_2_task.py
[2023-06-19T13:07:14.149+0000] {processor.py:743} INFO - Processing file /opt/airflow/dags/dag_2_task.py for tasks to queue
[2023-06-19T13:07:14.149+0000] {logging_mixin.py:137} INFO - [2023-06-19T13:07:14.149+0000] {dagbag.py:538} INFO - Filling up the DagBag from /opt/airflow/dags/dag_2_task.py
[2023-06-19T13:07:14.164+0000] {processor.py:753} INFO - DAG(s) dict_keys(['hello_world_dag1']) retrieved from /opt/airflow/dags/dag_2_task.py
[2023-06-19T13:07:14.199+0000] {logging_mixin.py:137} INFO - [2023-06-19T13:07:14.199+0000] {dag.py:2690} INFO - Sync 1 DAGs
[2023-06-19T13:07:14.239+0000] {logging_mixin.py:137} INFO - [2023-06-19T13:07:14.239+0000] {dag.py:3441} INFO - Setting next_dagrun for hello_world_dag1 to None, run_after=None
[2023-06-19T13:07:14.265+0000] {processor.py:175} INFO - Processing /opt/airflow/dags/dag_2_task.py took 0.120 seconds
[2023-06-19T13:07:44.369+0000] {processor.py:153} INFO - Started process (PID=6877) to work on /opt/airflow/dags/dag_2_task.py
[2023-06-19T13:07:44.370+0000] {processor.py:743} INFO - Processing file /opt/airflow/dags/dag_2_task.py for tasks to queue
[2023-06-19T13:07:44.371+0000] {logging_mixin.py:137} INFO - [2023-06-19T13:07:44.371+0000] {dagbag.py:538} INFO - Filling up the DagBag from /opt/airflow/dags/dag_2_task.py
[2023-06-19T13:07:44.386+0000] {processor.py:753} INFO - DAG(s) dict_keys(['hello_world_dag1']) retrieved from /opt/airflow/dags/dag_2_task.py
[2023-06-19T13:07:44.415+0000] {logging_mixin.py:137} INFO - [2023-06-19T13:07:44.415+0000] {dag.py:2690} INFO - Sync 1 DAGs
[2023-06-19T13:07:44.450+0000] {logging_mixin.py:137} INFO - [2023-06-19T13:07:44.449+0000] {dag.py:3441} INFO - Setting next_dagrun for hello_world_dag1 to None, run_after=None
[2023-06-19T13:07:44.473+0000] {processor.py:175} INFO - Processing /opt/airflow/dags/dag_2_task.py took 0.107 seconds
[2023-06-19T13:08:14.656+0000] {processor.py:153} INFO - Started process (PID=6926) to work on /opt/airflow/dags/dag_2_task.py
[2023-06-19T13:08:14.657+0000] {processor.py:743} INFO - Processing file /opt/airflow/dags/dag_2_task.py for tasks to queue
[2023-06-19T13:08:14.657+0000] {logging_mixin.py:137} INFO - [2023-06-19T13:08:14.657+0000] {dagbag.py:538} INFO - Filling up the DagBag from /opt/airflow/dags/dag_2_task.py
[2023-06-19T13:08:14.674+0000] {processor.py:753} INFO - DAG(s) dict_keys(['hello_world_dag1']) retrieved from /opt/airflow/dags/dag_2_task.py
[2023-06-19T13:08:14.702+0000] {logging_mixin.py:137} INFO - [2023-06-19T13:08:14.702+0000] {dag.py:2690} INFO - Sync 1 DAGs
[2023-06-19T13:08:14.732+0000] {logging_mixin.py:137} INFO - [2023-06-19T13:08:14.732+0000] {dag.py:3441} INFO - Setting next_dagrun for hello_world_dag1 to None, run_after=None
[2023-06-19T13:08:14.758+0000] {processor.py:175} INFO - Processing /opt/airflow/dags/dag_2_task.py took 0.106 seconds
[2023-06-19T13:08:45.025+0000] {processor.py:153} INFO - Started process (PID=6999) to work on /opt/airflow/dags/dag_2_task.py
[2023-06-19T13:08:45.027+0000] {processor.py:743} INFO - Processing file /opt/airflow/dags/dag_2_task.py for tasks to queue
[2023-06-19T13:08:45.028+0000] {logging_mixin.py:137} INFO - [2023-06-19T13:08:45.028+0000] {dagbag.py:538} INFO - Filling up the DagBag from /opt/airflow/dags/dag_2_task.py
[2023-06-19T13:08:45.046+0000] {processor.py:753} INFO - DAG(s) dict_keys(['hello_world_dag1']) retrieved from /opt/airflow/dags/dag_2_task.py
[2023-06-19T13:08:45.109+0000] {logging_mixin.py:137} INFO - [2023-06-19T13:08:45.109+0000] {dag.py:2690} INFO - Sync 1 DAGs
[2023-06-19T13:08:45.201+0000] {logging_mixin.py:137} INFO - [2023-06-19T13:08:45.200+0000] {dag.py:3441} INFO - Setting next_dagrun for hello_world_dag1 to None, run_after=None
[2023-06-19T13:08:45.223+0000] {processor.py:175} INFO - Processing /opt/airflow/dags/dag_2_task.py took 0.201 seconds
[2023-06-19T13:09:15.313+0000] {processor.py:153} INFO - Started process (PID=7048) to work on /opt/airflow/dags/dag_2_task.py
[2023-06-19T13:09:15.315+0000] {processor.py:743} INFO - Processing file /opt/airflow/dags/dag_2_task.py for tasks to queue
[2023-06-19T13:09:15.316+0000] {logging_mixin.py:137} INFO - [2023-06-19T13:09:15.316+0000] {dagbag.py:538} INFO - Filling up the DagBag from /opt/airflow/dags/dag_2_task.py
[2023-06-19T13:09:15.333+0000] {processor.py:753} INFO - DAG(s) dict_keys(['hello_world_dag1']) retrieved from /opt/airflow/dags/dag_2_task.py
[2023-06-19T13:09:15.391+0000] {logging_mixin.py:137} INFO - [2023-06-19T13:09:15.391+0000] {dag.py:2690} INFO - Sync 1 DAGs
[2023-06-19T13:09:15.425+0000] {logging_mixin.py:137} INFO - [2023-06-19T13:09:15.424+0000] {dag.py:3441} INFO - Setting next_dagrun for hello_world_dag1 to None, run_after=None
[2023-06-19T13:09:15.447+0000] {processor.py:175} INFO - Processing /opt/airflow/dags/dag_2_task.py took 0.137 seconds
