[2023-06-19T12:07:22.399+0000] {manager.py:483} INFO - Processing files using up to 2 processes at a time 
[2023-06-19T12:07:22.403+0000] {manager.py:484} INFO - Process each file at most once every 30 seconds
[2023-06-19T12:07:22.403+0000] {manager.py:486} INFO - Checking for new files in /opt/airflow/dags every 300 seconds
[2023-06-19T12:07:22.403+0000] {manager.py:726} INFO - Searching for files in /opt/airflow/dags
[2023-06-19T12:07:22.404+0000] {manager.py:729} INFO - There are 0 files in /opt/airflow/dags
[2023-06-19T12:12:23.382+0000] {manager.py:726} INFO - Searching for files in /opt/airflow/dags
[2023-06-19T12:12:23.383+0000] {manager.py:729} INFO - There are 0 files in /opt/airflow/dags
[2023-06-19T12:17:23.602+0000] {manager.py:726} INFO - Searching for files in /opt/airflow/dags
[2023-06-19T12:17:23.603+0000] {manager.py:729} INFO - There are 1 files in /opt/airflow/dags
[2023-06-19T12:17:26.697+0000] {manager.py:854} INFO - 
================================================================================
DAG File Processing Stats

File Path                  PID    Runtime      # DAGs    # Errors  Last Runtime    Last Run
-------------------------  -----  ---------  --------  ----------  --------------  -------------------
/opt/airflow/dags/dag1.py                           1           0  1.08s           2023-06-19T12:17:24
================================================================================
[2023-06-19T12:17:57.020+0000] {manager.py:854} INFO - 
================================================================================
DAG File Processing Stats

File Path                  PID    Runtime      # DAGs    # Errors  Last Runtime    Last Run
-------------------------  -----  ---------  --------  ----------  --------------  -------------------
/opt/airflow/dags/dag1.py                           1           0  0.13s           2023-06-19T12:17:55
================================================================================
[2023-06-19T12:18:27.288+0000] {manager.py:854} INFO - 
================================================================================
DAG File Processing Stats

File Path                  PID    Runtime      # DAGs    # Errors  Last Runtime    Last Run
-------------------------  -----  ---------  --------  ----------  --------------  -------------------
/opt/airflow/dags/dag1.py                           1           0  0.17s           2023-06-19T12:18:25
================================================================================
[2023-06-19T12:18:57.545+0000] {manager.py:854} INFO - 
================================================================================
DAG File Processing Stats

File Path                  PID    Runtime      # DAGs    # Errors  Last Runtime    Last Run
-------------------------  -----  ---------  --------  ----------  --------------  -------------------
/opt/airflow/dags/dag1.py                           1           0  0.14s           2023-06-19T12:18:55
================================================================================
[2023-06-19T12:19:27.758+0000] {manager.py:854} INFO - 
================================================================================
DAG File Processing Stats

File Path                  PID    Runtime      # DAGs    # Errors  Last Runtime    Last Run
-------------------------  -----  ---------  --------  ----------  --------------  -------------------
/opt/airflow/dags/dag1.py                           1           0  0.14s           2023-06-19T12:19:25
================================================================================
[2023-06-19T12:19:58.107+0000] {manager.py:854} INFO - 
================================================================================
DAG File Processing Stats

File Path                  PID    Runtime      # DAGs    # Errors  Last Runtime    Last Run
-------------------------  -----  ---------  --------  ----------  --------------  -------------------
/opt/airflow/dags/dag1.py                           1           0  0.29s           2023-06-19T12:19:56
================================================================================
[2023-06-19T12:20:28.505+0000] {manager.py:854} INFO - 
================================================================================
DAG File Processing Stats

File Path                  PID    Runtime      # DAGs    # Errors  Last Runtime    Last Run
-------------------------  -----  ---------  --------  ----------  --------------  -------------------
/opt/airflow/dags/dag1.py                           1           0  0.22s           2023-06-19T12:20:26
================================================================================
[2023-06-19T12:20:58.729+0000] {manager.py:854} INFO - 
================================================================================
DAG File Processing Stats

File Path                  PID    Runtime      # DAGs    # Errors  Last Runtime    Last Run
-------------------------  -----  ---------  --------  ----------  --------------  -------------------
/opt/airflow/dags/dag1.py                           1           0  0.13s           2023-06-19T12:20:56
================================================================================
[2023-06-19T12:21:29.046+0000] {manager.py:854} INFO - 
================================================================================
DAG File Processing Stats

File Path                  PID    Runtime      # DAGs    # Errors  Last Runtime    Last Run
-------------------------  -----  ---------  --------  ----------  --------------  -------------------
/opt/airflow/dags/dag1.py                           1           0  0.14s           2023-06-19T12:21:27
================================================================================
[2023-06-19T12:21:59.390+0000] {manager.py:854} INFO - 
================================================================================
DAG File Processing Stats

File Path                  PID    Runtime      # DAGs    # Errors  Last Runtime    Last Run
-------------------------  -----  ---------  --------  ----------  --------------  -------------------
/opt/airflow/dags/dag1.py                           1           0  0.19s           2023-06-19T12:21:57
================================================================================
[2023-06-19T12:22:23.621+0000] {manager.py:726} INFO - Searching for files in /opt/airflow/dags
[2023-06-19T12:22:23.623+0000] {manager.py:729} INFO - There are 1 files in /opt/airflow/dags
[2023-06-19T12:22:29.667+0000] {manager.py:854} INFO - 
================================================================================
DAG File Processing Stats

File Path                  PID    Runtime      # DAGs    # Errors  Last Runtime    Last Run
-------------------------  -----  ---------  --------  ----------  --------------  -------------------
/opt/airflow/dags/dag1.py                           1           0  0.12s           2023-06-19T12:22:27
================================================================================
[2023-06-19T12:22:59.842+0000] {manager.py:854} INFO - 
================================================================================
DAG File Processing Stats

File Path                  PID    Runtime      # DAGs    # Errors  Last Runtime    Last Run
-------------------------  -----  ---------  --------  ----------  --------------  -------------------
/opt/airflow/dags/dag1.py                           1           0  0.12s           2023-06-19T12:22:57
================================================================================
[2023-06-19T12:23:30.113+0000] {manager.py:854} INFO - 
================================================================================
DAG File Processing Stats

File Path                    PID  Runtime      # DAGs    # Errors  Last Runtime    Last Run
-------------------------  -----  ---------  --------  ----------  --------------  -------------------
/opt/airflow/dags/dag1.py   1919  0.02s             1           0  0.14s           2023-06-19T12:23:28
================================================================================
[2023-06-19T12:24:00.812+0000] {manager.py:854} INFO - 
================================================================================
DAG File Processing Stats

File Path                  PID    Runtime      # DAGs    # Errors  Last Runtime    Last Run
-------------------------  -----  ---------  --------  ----------  --------------  -------------------
/opt/airflow/dags/dag1.py                           1           0  0.15s           2023-06-19T12:23:42
================================================================================
[2023-06-19T12:24:30.857+0000] {manager.py:854} INFO - 
================================================================================
DAG File Processing Stats

File Path                  PID    Runtime      # DAGs    # Errors  Last Runtime    Last Run
-------------------------  -----  ---------  --------  ----------  --------------  -------------------
/opt/airflow/dags/dag1.py                           1           0  0.80s           2023-06-19T12:24:13
================================================================================
[2023-06-19T12:25:00.995+0000] {manager.py:854} INFO - 
================================================================================
DAG File Processing Stats

File Path                  PID    Runtime      # DAGs    # Errors  Last Runtime    Last Run
-------------------------  -----  ---------  --------  ----------  --------------  -------------------
/opt/airflow/dags/dag1.py                           1           0  0.13s           2023-06-19T12:24:44
================================================================================
[2023-06-19T12:25:01.999+0000] {manager.py:1082} WARNING - Skipping processing of missing file: /opt/airflow/dags/dag1.py
[2023-06-19T12:27:23.882+0000] {manager.py:726} INFO - Searching for files in /opt/airflow/dags
[2023-06-19T12:27:23.884+0000] {manager.py:729} INFO - There are 1 files in /opt/airflow/dags
[2023-06-19T12:27:32.100+0000] {manager.py:854} INFO - 
================================================================================
DAG File Processing Stats

File Path                        PID    Runtime      # DAGs    # Errors  Last Runtime    Last Run
-------------------------------  -----  ---------  --------  ----------  --------------  -------------------
/opt/airflow/dags/dag_2_task.py                           1           0  0.54s           2023-06-19T12:27:24
================================================================================
[2023-06-19T12:28:02.822+0000] {manager.py:854} INFO - 
================================================================================
DAG File Processing Stats

File Path                        PID    Runtime      # DAGs    # Errors  Last Runtime    Last Run
-------------------------------  -----  ---------  --------  ----------  --------------  -------------------
/opt/airflow/dags/dag_2_task.py                           1           0  0.20s           2023-06-19T12:27:54
================================================================================
[2023-06-19T12:28:33.078+0000] {manager.py:854} INFO - 
================================================================================
DAG File Processing Stats

File Path                        PID    Runtime      # DAGs    # Errors  Last Runtime    Last Run
-------------------------------  -----  ---------  --------  ----------  --------------  -------------------
/opt/airflow/dags/dag_2_task.py                           1           0  0.11s           2023-06-19T12:28:25
================================================================================
[2023-06-19T12:29:03.232+0000] {manager.py:854} INFO - 
================================================================================
DAG File Processing Stats

File Path                        PID    Runtime      # DAGs    # Errors  Last Runtime    Last Run
-------------------------------  -----  ---------  --------  ----------  --------------  -------------------
/opt/airflow/dags/dag_2_task.py                           1           0  0.12s           2023-06-19T12:28:55
================================================================================
[2023-06-19T12:29:33.489+0000] {manager.py:854} INFO - 
================================================================================
DAG File Processing Stats

File Path                        PID    Runtime      # DAGs    # Errors  Last Runtime    Last Run
-------------------------------  -----  ---------  --------  ----------  --------------  -------------------
/opt/airflow/dags/dag_2_task.py                           1           0  0.11s           2023-06-19T12:29:25
================================================================================
[2023-06-19T12:30:03.709+0000] {manager.py:854} INFO - 
================================================================================
DAG File Processing Stats

File Path                        PID    Runtime      # DAGs    # Errors  Last Runtime    Last Run
-------------------------------  -----  ---------  --------  ----------  --------------  -------------------
/opt/airflow/dags/dag_2_task.py                           1           0  0.12s           2023-06-19T12:29:55
================================================================================
[2023-06-19T12:30:33.862+0000] {manager.py:854} INFO - 
================================================================================
DAG File Processing Stats

File Path                        PID    Runtime      # DAGs    # Errors  Last Runtime    Last Run
-------------------------------  -----  ---------  --------  ----------  --------------  -------------------
/opt/airflow/dags/dag_2_task.py                           1           0  0.11s           2023-06-19T12:30:25
================================================================================
[2023-06-19T12:31:04.124+0000] {manager.py:854} INFO - 
================================================================================
DAG File Processing Stats

File Path                        PID    Runtime      # DAGs    # Errors  Last Runtime    Last Run
-------------------------------  -----  ---------  --------  ----------  --------------  -------------------
/opt/airflow/dags/dag_2_task.py                           1           0  0.11s           2023-06-19T12:30:56
================================================================================
[2023-06-19T12:31:34.333+0000] {manager.py:854} INFO - 
================================================================================
DAG File Processing Stats

File Path                        PID    Runtime      # DAGs    # Errors  Last Runtime    Last Run
-------------------------------  -----  ---------  --------  ----------  --------------  -------------------
/opt/airflow/dags/dag_2_task.py                           1           0  0.19s           2023-06-19T12:31:26
================================================================================
[2023-06-19T12:32:04.587+0000] {manager.py:854} INFO - 
================================================================================
DAG File Processing Stats

File Path                        PID    Runtime      # DAGs    # Errors  Last Runtime    Last Run
-------------------------------  -----  ---------  --------  ----------  --------------  -------------------
/opt/airflow/dags/dag_2_task.py                           1           0  0.12s           2023-06-19T12:31:56
================================================================================
[2023-06-19T12:32:24.680+0000] {manager.py:726} INFO - Searching for files in /opt/airflow/dags
[2023-06-19T12:32:24.681+0000] {manager.py:729} INFO - There are 1 files in /opt/airflow/dags
[2023-06-19T12:32:34.759+0000] {manager.py:854} INFO - 
================================================================================
DAG File Processing Stats

File Path                        PID    Runtime      # DAGs    # Errors  Last Runtime    Last Run
-------------------------------  -----  ---------  --------  ----------  --------------  -------------------
/opt/airflow/dags/dag_2_task.py                           1           0  0.12s           2023-06-19T12:32:26
================================================================================
[2023-06-19T12:33:05.016+0000] {manager.py:854} INFO - 
================================================================================
DAG File Processing Stats

File Path                        PID    Runtime      # DAGs    # Errors  Last Runtime    Last Run
-------------------------------  -----  ---------  --------  ----------  --------------  -------------------
/opt/airflow/dags/dag_2_task.py                           1           0  0.23s           2023-06-19T12:32:57
================================================================================
[2023-06-19T12:33:35.266+0000] {manager.py:854} INFO - 
================================================================================
DAG File Processing Stats

File Path                        PID    Runtime      # DAGs    # Errors  Last Runtime    Last Run
-------------------------------  -----  ---------  --------  ----------  --------------  -------------------
/opt/airflow/dags/dag_2_task.py                           1           0  0.11s           2023-06-19T12:33:27
================================================================================
[2023-06-19T12:34:05.421+0000] {manager.py:854} INFO - 
================================================================================
DAG File Processing Stats

File Path                        PID    Runtime      # DAGs    # Errors  Last Runtime    Last Run
-------------------------------  -----  ---------  --------  ----------  --------------  -------------------
/opt/airflow/dags/dag_2_task.py                           1           0  0.11s           2023-06-19T12:33:57
================================================================================
[2023-06-19T12:34:35.572+0000] {manager.py:854} INFO - 
================================================================================
DAG File Processing Stats

File Path                        PID    Runtime      # DAGs    # Errors  Last Runtime    Last Run
-------------------------------  -----  ---------  --------  ----------  --------------  -------------------
/opt/airflow/dags/dag_2_task.py                           1           0  0.11s           2023-06-19T12:34:27
================================================================================
[2023-06-19T12:35:05.748+0000] {manager.py:854} INFO - 
================================================================================
DAG File Processing Stats

File Path                        PID    Runtime      # DAGs    # Errors  Last Runtime    Last Run
-------------------------------  -----  ---------  --------  ----------  --------------  -------------------
/opt/airflow/dags/dag_2_task.py                           1           0  0.12s           2023-06-19T12:34:57
================================================================================
[2023-06-19T12:35:35.982+0000] {manager.py:854} INFO - 
================================================================================
DAG File Processing Stats

File Path                        PID    Runtime      # DAGs    # Errors  Last Runtime    Last Run
-------------------------------  -----  ---------  --------  ----------  --------------  -------------------
/opt/airflow/dags/dag_2_task.py                           1           0  0.12s           2023-06-19T12:35:28
================================================================================
[2023-06-19T12:36:06.200+0000] {manager.py:854} INFO - 
================================================================================
DAG File Processing Stats

File Path                        PID    Runtime      # DAGs    # Errors  Last Runtime    Last Run
-------------------------------  -----  ---------  --------  ----------  --------------  -------------------
/opt/airflow/dags/dag_2_task.py                           1           0  0.12s           2023-06-19T12:35:58
================================================================================
[2023-06-19T12:36:36.497+0000] {manager.py:854} INFO - 
================================================================================
DAG File Processing Stats

File Path                        PID    Runtime      # DAGs    # Errors  Last Runtime    Last Run
-------------------------------  -----  ---------  --------  ----------  --------------  -------------------
/opt/airflow/dags/dag_2_task.py                           1           0  0.12s           2023-06-19T12:36:28
================================================================================
[2023-06-19T12:37:06.650+0000] {manager.py:854} INFO - 
================================================================================
DAG File Processing Stats

File Path                        PID    Runtime      # DAGs    # Errors  Last Runtime    Last Run
-------------------------------  -----  ---------  --------  ----------  --------------  -------------------
/opt/airflow/dags/dag_2_task.py                           1           0  0.14s           2023-06-19T12:36:58
================================================================================
[2023-06-19T12:37:24.820+0000] {manager.py:726} INFO - Searching for files in /opt/airflow/dags
[2023-06-19T12:37:24.821+0000] {manager.py:729} INFO - There are 1 files in /opt/airflow/dags
[2023-06-19T12:37:36.977+0000] {manager.py:854} INFO - 
================================================================================
DAG File Processing Stats

File Path                        PID    Runtime      # DAGs    # Errors  Last Runtime    Last Run
-------------------------------  -----  ---------  --------  ----------  --------------  -------------------
/opt/airflow/dags/dag_2_task.py                           1           0  0.22s           2023-06-19T12:37:29
================================================================================
[2023-06-19T12:38:07.156+0000] {manager.py:854} INFO - 
================================================================================
DAG File Processing Stats

File Path                        PID    Runtime      # DAGs    # Errors  Last Runtime    Last Run
-------------------------------  -----  ---------  --------  ----------  --------------  -------------------
/opt/airflow/dags/dag_2_task.py                           1           0  0.10s           2023-06-19T12:37:59
================================================================================
[2023-06-19T12:38:37.408+0000] {manager.py:854} INFO - 
================================================================================
DAG File Processing Stats

File Path                        PID    Runtime      # DAGs    # Errors  Last Runtime    Last Run
-------------------------------  -----  ---------  --------  ----------  --------------  -------------------
/opt/airflow/dags/dag_2_task.py                           1           0  0.12s           2023-06-19T12:38:29
================================================================================
[2023-06-19T12:39:07.640+0000] {manager.py:854} INFO - 
================================================================================
DAG File Processing Stats

File Path                        PID    Runtime      # DAGs    # Errors  Last Runtime    Last Run
-------------------------------  -----  ---------  --------  ----------  --------------  -------------------
/opt/airflow/dags/dag_2_task.py                           1           0  0.11s           2023-06-19T12:38:59
================================================================================
[2023-06-19T12:39:37.896+0000] {manager.py:854} INFO - 
================================================================================
DAG File Processing Stats

File Path                        PID    Runtime      # DAGs    # Errors  Last Runtime    Last Run
-------------------------------  -----  ---------  --------  ----------  --------------  -------------------
/opt/airflow/dags/dag_2_task.py                           1           0  0.12s           2023-06-19T12:39:29
================================================================================
[2023-06-19T12:40:08.191+0000] {manager.py:854} INFO - 
================================================================================
DAG File Processing Stats

File Path                        PID    Runtime      # DAGs    # Errors  Last Runtime    Last Run
-------------------------------  -----  ---------  --------  ----------  --------------  -------------------
/opt/airflow/dags/dag_2_task.py                           1           0  0.14s           2023-06-19T12:40:00
================================================================================
[2023-06-19T12:40:38.354+0000] {manager.py:854} INFO - 
================================================================================
DAG File Processing Stats

File Path                        PID    Runtime      # DAGs    # Errors  Last Runtime    Last Run
-------------------------------  -----  ---------  --------  ----------  --------------  -------------------
/opt/airflow/dags/dag_2_task.py                           1           0  0.13s           2023-06-19T12:40:30
================================================================================
[2023-06-19T12:41:08.661+0000] {manager.py:854} INFO - 
================================================================================
DAG File Processing Stats

File Path                        PID    Runtime      # DAGs    # Errors  Last Runtime    Last Run
-------------------------------  -----  ---------  --------  ----------  --------------  -------------------
/opt/airflow/dags/dag_2_task.py                           1           0  0.15s           2023-06-19T12:41:00
================================================================================
[2023-06-19T12:41:38.818+0000] {manager.py:854} INFO - 
================================================================================
DAG File Processing Stats

File Path                        PID    Runtime      # DAGs    # Errors  Last Runtime    Last Run
-------------------------------  -----  ---------  --------  ----------  --------------  -------------------
/opt/airflow/dags/dag_2_task.py                           1           0  0.15s           2023-06-19T12:41:30
================================================================================
[2023-06-19T12:42:09.078+0000] {manager.py:854} INFO - 
================================================================================
DAG File Processing Stats

File Path                        PID    Runtime      # DAGs    # Errors  Last Runtime    Last Run
-------------------------------  -----  ---------  --------  ----------  --------------  -------------------
/opt/airflow/dags/dag_2_task.py                           1           0  0.11s           2023-06-19T12:42:01
================================================================================
[2023-06-19T12:42:25.290+0000] {manager.py:726} INFO - Searching for files in /opt/airflow/dags
[2023-06-19T12:42:25.291+0000] {manager.py:729} INFO - There are 1 files in /opt/airflow/dags
[2023-06-19T12:42:39.385+0000] {manager.py:854} INFO - 
================================================================================
DAG File Processing Stats

File Path                        PID    Runtime      # DAGs    # Errors  Last Runtime    Last Run
-------------------------------  -----  ---------  --------  ----------  --------------  -------------------
/opt/airflow/dags/dag_2_task.py                           1           0  0.25s           2023-06-19T12:42:31
================================================================================
[2023-06-19T12:43:09.885+0000] {manager.py:854} INFO - 
================================================================================
DAG File Processing Stats

File Path                        PID    Runtime      # DAGs    # Errors  Last Runtime    Last Run
-------------------------------  -----  ---------  --------  ----------  --------------  -------------------
/opt/airflow/dags/dag_2_task.py                           1           0  0.12s           2023-06-19T12:43:01
================================================================================
[2023-06-19T12:43:40.065+0000] {manager.py:854} INFO - 
================================================================================
DAG File Processing Stats

File Path                        PID    Runtime      # DAGs    # Errors  Last Runtime    Last Run
-------------------------------  -----  ---------  --------  ----------  --------------  -------------------
/opt/airflow/dags/dag_2_task.py                           1           0  0.11s           2023-06-19T12:43:32
================================================================================
[2023-06-19T12:44:10.222+0000] {manager.py:854} INFO - 
================================================================================
DAG File Processing Stats

File Path                        PID    Runtime      # DAGs    # Errors  Last Runtime    Last Run
-------------------------------  -----  ---------  --------  ----------  --------------  -------------------
/opt/airflow/dags/dag_2_task.py                           1           0  0.16s           2023-06-19T12:44:02
================================================================================
[2023-06-19T12:44:40.428+0000] {manager.py:854} INFO - 
================================================================================
DAG File Processing Stats

File Path                        PID    Runtime      # DAGs    # Errors  Last Runtime    Last Run
-------------------------------  -----  ---------  --------  ----------  --------------  -------------------
/opt/airflow/dags/dag_2_task.py                           1           0  0.13s           2023-06-19T12:44:32
================================================================================
[2023-06-19T12:45:10.710+0000] {manager.py:854} INFO - 
================================================================================
DAG File Processing Stats

File Path                        PID    Runtime      # DAGs    # Errors  Last Runtime    Last Run
-------------------------------  -----  ---------  --------  ----------  --------------  -------------------
/opt/airflow/dags/dag_2_task.py                           1           0  0.15s           2023-06-19T12:45:02
================================================================================
[2023-06-19T12:45:40.856+0000] {manager.py:854} INFO - 
================================================================================
DAG File Processing Stats

File Path                        PID    Runtime      # DAGs    # Errors  Last Runtime    Last Run
-------------------------------  -----  ---------  --------  ----------  --------------  -------------------
/opt/airflow/dags/dag_2_task.py                           1           0  0.10s           2023-06-19T12:45:32
================================================================================
[2023-06-19T12:46:11.051+0000] {manager.py:854} INFO - 
================================================================================
DAG File Processing Stats

File Path                        PID    Runtime      # DAGs    # Errors  Last Runtime    Last Run
-------------------------------  -----  ---------  --------  ----------  --------------  -------------------
/opt/airflow/dags/dag_2_task.py                           1           0  0.09s           2023-06-19T12:46:03
================================================================================
[2023-06-19T12:46:41.182+0000] {manager.py:854} INFO - 
================================================================================
DAG File Processing Stats

File Path                        PID    Runtime      # DAGs    # Errors  Last Runtime    Last Run
-------------------------------  -----  ---------  --------  ----------  --------------  -------------------
/opt/airflow/dags/dag_2_task.py                           1           0  0.10s           2023-06-19T12:46:33
================================================================================
[2023-06-19T12:47:11.390+0000] {manager.py:854} INFO - 
================================================================================
DAG File Processing Stats

File Path                        PID    Runtime      # DAGs    # Errors  Last Runtime    Last Run
-------------------------------  -----  ---------  --------  ----------  --------------  -------------------
/opt/airflow/dags/dag_2_task.py                           1           0  0.10s           2023-06-19T12:47:03
================================================================================
[2023-06-19T12:47:25.449+0000] {manager.py:726} INFO - Searching for files in /opt/airflow/dags
[2023-06-19T12:47:25.450+0000] {manager.py:729} INFO - There are 1 files in /opt/airflow/dags
[2023-06-19T12:47:41.615+0000] {manager.py:854} INFO - 
================================================================================
DAG File Processing Stats

File Path                        PID    Runtime      # DAGs    # Errors  Last Runtime    Last Run
-------------------------------  -----  ---------  --------  ----------  --------------  -------------------
/opt/airflow/dags/dag_2_task.py                           1           0  0.11s           2023-06-19T12:47:33
================================================================================
[2023-06-19T12:48:11.810+0000] {manager.py:854} INFO - 
================================================================================
DAG File Processing Stats

File Path                        PID    Runtime      # DAGs    # Errors  Last Runtime    Last Run
-------------------------------  -----  ---------  --------  ----------  --------------  -------------------
/opt/airflow/dags/dag_2_task.py                           1           0  0.12s           2023-06-19T12:48:03
================================================================================
[2023-06-19T12:48:42.134+0000] {manager.py:854} INFO - 
================================================================================
DAG File Processing Stats

File Path                        PID    Runtime      # DAGs    # Errors  Last Runtime    Last Run
-------------------------------  -----  ---------  --------  ----------  --------------  -------------------
/opt/airflow/dags/dag_2_task.py                           1           0  0.14s           2023-06-19T12:48:34
================================================================================
[2023-06-19T12:49:12.440+0000] {manager.py:854} INFO - 
================================================================================
DAG File Processing Stats

File Path                        PID    Runtime      # DAGs    # Errors  Last Runtime    Last Run
-------------------------------  -----  ---------  --------  ----------  --------------  -------------------
/opt/airflow/dags/dag_2_task.py                           1           0  0.40s           2023-06-19T12:49:04
================================================================================
[2023-06-19T12:49:42.974+0000] {manager.py:854} INFO - 
================================================================================
DAG File Processing Stats

File Path                        PID    Runtime      # DAGs    # Errors  Last Runtime    Last Run
-------------------------------  -----  ---------  --------  ----------  --------------  -------------------
/opt/airflow/dags/dag_2_task.py                           1           0  0.14s           2023-06-19T12:49:35
================================================================================
[2023-06-19T12:50:13.247+0000] {manager.py:854} INFO - 
================================================================================
DAG File Processing Stats

File Path                        PID    Runtime      # DAGs    # Errors  Last Runtime    Last Run
-------------------------------  -----  ---------  --------  ----------  --------------  -------------------
/opt/airflow/dags/dag_2_task.py                           1           0  0.15s           2023-06-19T12:50:05
================================================================================
[2023-06-19T12:50:43.500+0000] {manager.py:854} INFO - 
================================================================================
DAG File Processing Stats

File Path                        PID    Runtime      # DAGs    # Errors  Last Runtime    Last Run
-------------------------------  -----  ---------  --------  ----------  --------------  -------------------
/opt/airflow/dags/dag_2_task.py                           1           0  0.13s           2023-06-19T12:50:35
================================================================================
[2023-06-19T12:51:13.799+0000] {manager.py:854} INFO - 
================================================================================
DAG File Processing Stats

File Path                        PID    Runtime      # DAGs    # Errors  Last Runtime    Last Run
-------------------------------  -----  ---------  --------  ----------  --------------  -------------------
/opt/airflow/dags/dag_2_task.py                           1           0  0.18s           2023-06-19T12:51:05
================================================================================
[2023-06-19T12:51:44.109+0000] {manager.py:854} INFO - 
================================================================================
DAG File Processing Stats

File Path                        PID    Runtime      # DAGs    # Errors  Last Runtime    Last Run
-------------------------------  -----  ---------  --------  ----------  --------------  -------------------
/opt/airflow/dags/dag_2_task.py                           1           0  0.18s           2023-06-19T12:51:36
================================================================================
[2023-06-19T12:52:14.363+0000] {manager.py:854} INFO - 
================================================================================
DAG File Processing Stats

File Path                        PID    Runtime      # DAGs    # Errors  Last Runtime    Last Run
-------------------------------  -----  ---------  --------  ----------  --------------  -------------------
/opt/airflow/dags/dag_2_task.py                           1           0  0.18s           2023-06-19T12:52:06
================================================================================
[2023-06-19T12:52:25.491+0000] {manager.py:726} INFO - Searching for files in /opt/airflow/dags
[2023-06-19T12:52:25.493+0000] {manager.py:729} INFO - There are 1 files in /opt/airflow/dags
[2023-06-19T12:52:44.624+0000] {manager.py:854} INFO - 
================================================================================
DAG File Processing Stats

File Path                        PID    Runtime      # DAGs    # Errors  Last Runtime    Last Run
-------------------------------  -----  ---------  --------  ----------  --------------  -------------------
/opt/airflow/dags/dag_2_task.py                           1           0  0.14s           2023-06-19T12:52:36
================================================================================
[2023-06-19T12:53:14.797+0000] {manager.py:854} INFO - 
================================================================================
DAG File Processing Stats

File Path                        PID    Runtime      # DAGs    # Errors  Last Runtime    Last Run
-------------------------------  -----  ---------  --------  ----------  --------------  -------------------
/opt/airflow/dags/dag_2_task.py                           1           0  0.15s           2023-06-19T12:53:06
================================================================================
[2023-06-19T12:53:45.124+0000] {manager.py:854} INFO - 
================================================================================
DAG File Processing Stats

File Path                        PID    Runtime      # DAGs    # Errors  Last Runtime    Last Run
-------------------------------  -----  ---------  --------  ----------  --------------  -------------------
/opt/airflow/dags/dag_2_task.py                           1           0  0.20s           2023-06-19T12:53:37
================================================================================
[2023-06-19T12:54:15.369+0000] {manager.py:854} INFO - 
================================================================================
DAG File Processing Stats

File Path                        PID    Runtime      # DAGs    # Errors  Last Runtime    Last Run
-------------------------------  -----  ---------  --------  ----------  --------------  -------------------
/opt/airflow/dags/dag_2_task.py                           1           0  0.12s           2023-06-19T12:54:07
================================================================================
[2023-06-19T12:54:45.627+0000] {manager.py:854} INFO - 
================================================================================
DAG File Processing Stats

File Path                        PID    Runtime      # DAGs    # Errors  Last Runtime    Last Run
-------------------------------  -----  ---------  --------  ----------  --------------  -------------------
/opt/airflow/dags/dag_2_task.py                           1           0  0.18s           2023-06-19T12:54:37
================================================================================
[2023-06-19T12:55:16.051+0000] {manager.py:854} INFO - 
================================================================================
DAG File Processing Stats

File Path                        PID    Runtime      # DAGs    # Errors  Last Runtime    Last Run
-------------------------------  -----  ---------  --------  ----------  --------------  -------------------
/opt/airflow/dags/dag_2_task.py                           1           0  0.13s           2023-06-19T12:55:08
================================================================================
[2023-06-19T12:55:46.273+0000] {manager.py:854} INFO - 
================================================================================
DAG File Processing Stats

File Path                        PID    Runtime      # DAGs    # Errors  Last Runtime    Last Run
-------------------------------  -----  ---------  --------  ----------  --------------  -------------------
/opt/airflow/dags/dag_2_task.py                           1           0  0.12s           2023-06-19T12:55:38
================================================================================
[2023-06-19T12:56:16.427+0000] {manager.py:854} INFO - 
================================================================================
DAG File Processing Stats

File Path                        PID    Runtime      # DAGs    # Errors  Last Runtime    Last Run
-------------------------------  -----  ---------  --------  ----------  --------------  -------------------
/opt/airflow/dags/dag_2_task.py                           1           0  0.11s           2023-06-19T12:56:08
================================================================================
[2023-06-19T12:56:46.724+0000] {manager.py:854} INFO - 
================================================================================
DAG File Processing Stats

File Path                        PID    Runtime      # DAGs    # Errors  Last Runtime    Last Run
-------------------------------  -----  ---------  --------  ----------  --------------  -------------------
/opt/airflow/dags/dag_2_task.py                           1           0  0.19s           2023-06-19T12:56:38
================================================================================
[2023-06-19T12:57:17.010+0000] {manager.py:854} INFO - 
================================================================================
DAG File Processing Stats

File Path                        PID    Runtime      # DAGs    # Errors  Last Runtime    Last Run
-------------------------------  -----  ---------  --------  ----------  --------------  -------------------
/opt/airflow/dags/dag_2_task.py                           1           0  0.14s           2023-06-19T12:57:09
================================================================================
[2023-06-19T12:57:26.116+0000] {manager.py:726} INFO - Searching for files in /opt/airflow/dags
[2023-06-19T12:57:26.118+0000] {manager.py:729} INFO - There are 1 files in /opt/airflow/dags
[2023-06-19T12:57:47.312+0000] {manager.py:854} INFO - 
================================================================================
DAG File Processing Stats

File Path                        PID    Runtime      # DAGs    # Errors  Last Runtime    Last Run
-------------------------------  -----  ---------  --------  ----------  --------------  -------------------
/opt/airflow/dags/dag_2_task.py                           1           0  0.13s           2023-06-19T12:57:39
================================================================================
[2023-06-19T12:58:17.510+0000] {manager.py:854} INFO - 
================================================================================
DAG File Processing Stats

File Path                        PID    Runtime      # DAGs    # Errors  Last Runtime    Last Run
-------------------------------  -----  ---------  --------  ----------  --------------  -------------------
/opt/airflow/dags/dag_2_task.py                           1           0  0.11s           2023-06-19T12:58:09
================================================================================
[2023-06-19T12:58:47.731+0000] {manager.py:854} INFO - 
================================================================================
DAG File Processing Stats

File Path                        PID    Runtime      # DAGs    # Errors  Last Runtime    Last Run
-------------------------------  -----  ---------  --------  ----------  --------------  -------------------
/opt/airflow/dags/dag_2_task.py                           1           0  0.16s           2023-06-19T12:58:39
================================================================================
[2023-06-19T12:59:18.006+0000] {manager.py:854} INFO - 
================================================================================
DAG File Processing Stats

File Path                        PID    Runtime      # DAGs    # Errors  Last Runtime    Last Run
-------------------------------  -----  ---------  --------  ----------  --------------  -------------------
/opt/airflow/dags/dag_2_task.py                           1           0  0.13s           2023-06-19T12:59:10
================================================================================
[2023-06-19T12:59:48.279+0000] {manager.py:854} INFO - 
================================================================================
DAG File Processing Stats

File Path                        PID    Runtime      # DAGs    # Errors  Last Runtime    Last Run
-------------------------------  -----  ---------  --------  ----------  --------------  -------------------
/opt/airflow/dags/dag_2_task.py                           1           0  0.19s           2023-06-19T12:59:40
================================================================================
[2023-06-19T13:00:18.609+0000] {manager.py:854} INFO - 
================================================================================
DAG File Processing Stats

File Path                        PID    Runtime      # DAGs    # Errors  Last Runtime    Last Run
-------------------------------  -----  ---------  --------  ----------  --------------  -------------------
/opt/airflow/dags/dag_2_task.py                           1           0  0.13s           2023-06-19T13:00:10
================================================================================
[2023-06-19T13:00:48.900+0000] {manager.py:854} INFO - 
================================================================================
DAG File Processing Stats

File Path                        PID    Runtime      # DAGs    # Errors  Last Runtime    Last Run
-------------------------------  -----  ---------  --------  ----------  --------------  -------------------
/opt/airflow/dags/dag_2_task.py                           1           0  0.22s           2023-06-19T13:00:40
================================================================================
[2023-06-19T13:01:19.253+0000] {manager.py:854} INFO - 
================================================================================
DAG File Processing Stats

File Path                        PID    Runtime      # DAGs    # Errors  Last Runtime    Last Run
-------------------------------  -----  ---------  --------  ----------  --------------  -------------------
/opt/airflow/dags/dag_2_task.py                           1           0  0.13s           2023-06-19T13:01:11
================================================================================
[2023-06-19T13:01:49.480+0000] {manager.py:854} INFO - 
================================================================================
DAG File Processing Stats

File Path                        PID    Runtime      # DAGs    # Errors  Last Runtime    Last Run
-------------------------------  -----  ---------  --------  ----------  --------------  -------------------
/opt/airflow/dags/dag_2_task.py                           1           0  0.13s           2023-06-19T13:01:41
================================================================================
[2023-06-19T13:02:19.804+0000] {manager.py:854} INFO - 
================================================================================
DAG File Processing Stats

File Path                        PID    Runtime      # DAGs    # Errors  Last Runtime    Last Run
-------------------------------  -----  ---------  --------  ----------  --------------  -------------------
/opt/airflow/dags/dag_2_task.py                           1           0  0.12s           2023-06-19T13:02:11
================================================================================
[2023-06-19T13:02:26.836+0000] {manager.py:726} INFO - Searching for files in /opt/airflow/dags
[2023-06-19T13:02:26.837+0000] {manager.py:729} INFO - There are 1 files in /opt/airflow/dags
[2023-06-19T13:02:50.094+0000] {manager.py:854} INFO - 
================================================================================
DAG File Processing Stats

File Path                        PID    Runtime      # DAGs    # Errors  Last Runtime    Last Run
-------------------------------  -----  ---------  --------  ----------  --------------  -------------------
/opt/airflow/dags/dag_2_task.py                           1           0  0.13s           2023-06-19T13:02:42
================================================================================
[2023-06-19T13:03:20.369+0000] {manager.py:854} INFO - 
================================================================================
DAG File Processing Stats

File Path                        PID    Runtime      # DAGs    # Errors  Last Runtime    Last Run
-------------------------------  -----  ---------  --------  ----------  --------------  -------------------
/opt/airflow/dags/dag_2_task.py                           1           0  0.14s           2023-06-19T13:03:12
================================================================================
[2023-06-19T13:03:50.626+0000] {manager.py:854} INFO - 
================================================================================
DAG File Processing Stats

File Path                        PID    Runtime      # DAGs    # Errors  Last Runtime    Last Run
-------------------------------  -----  ---------  --------  ----------  --------------  -------------------
/opt/airflow/dags/dag_2_task.py                           1           0  0.13s           2023-06-19T13:03:42
================================================================================
[2023-06-19T13:04:20.803+0000] {manager.py:854} INFO - 
================================================================================
DAG File Processing Stats

File Path                        PID    Runtime      # DAGs    # Errors  Last Runtime    Last Run
-------------------------------  -----  ---------  --------  ----------  --------------  -------------------
/opt/airflow/dags/dag_2_task.py                           1           0  0.13s           2023-06-19T13:04:12
================================================================================
[2023-06-19T13:04:51.102+0000] {manager.py:854} INFO - 
================================================================================
DAG File Processing Stats

File Path                        PID    Runtime      # DAGs    # Errors  Last Runtime    Last Run
-------------------------------  -----  ---------  --------  ----------  --------------  -------------------
/opt/airflow/dags/dag_2_task.py                           1           0  0.16s           2023-06-19T13:04:43
================================================================================
[2023-06-19T13:05:21.253+0000] {manager.py:854} INFO - 
================================================================================
DAG File Processing Stats

File Path                        PID    Runtime      # DAGs    # Errors  Last Runtime    Last Run
-------------------------------  -----  ---------  --------  ----------  --------------  -------------------
/opt/airflow/dags/dag_2_task.py                           1           0  0.12s           2023-06-19T13:05:13
================================================================================
[2023-06-19T13:05:51.515+0000] {manager.py:854} INFO - 
================================================================================
DAG File Processing Stats

File Path                        PID    Runtime      # DAGs    # Errors  Last Runtime    Last Run
-------------------------------  -----  ---------  --------  ----------  --------------  -------------------
/opt/airflow/dags/dag_2_task.py                           1           0  0.12s           2023-06-19T13:05:43
================================================================================
[2023-06-19T13:06:21.698+0000] {manager.py:854} INFO - 
================================================================================
DAG File Processing Stats

File Path                        PID    Runtime      # DAGs    # Errors  Last Runtime    Last Run
-------------------------------  -----  ---------  --------  ----------  --------------  -------------------
/opt/airflow/dags/dag_2_task.py                           1           0  0.14s           2023-06-19T13:06:13
================================================================================
[2023-06-19T13:06:51.998+0000] {manager.py:854} INFO - 
================================================================================
DAG File Processing Stats

File Path                        PID    Runtime      # DAGs    # Errors  Last Runtime    Last Run
-------------------------------  -----  ---------  --------  ----------  --------------  -------------------
/opt/airflow/dags/dag_2_task.py                           1           0  0.15s           2023-06-19T13:06:44
================================================================================
[2023-06-19T13:07:22.194+0000] {manager.py:854} INFO - 
================================================================================
DAG File Processing Stats

File Path                        PID    Runtime      # DAGs    # Errors  Last Runtime    Last Run
-------------------------------  -----  ---------  --------  ----------  --------------  -------------------
/opt/airflow/dags/dag_2_task.py                           1           0  0.14s           2023-06-19T13:07:14
================================================================================
[2023-06-19T13:07:27.227+0000] {manager.py:726} INFO - Searching for files in /opt/airflow/dags
[2023-06-19T13:07:27.228+0000] {manager.py:729} INFO - There are 1 files in /opt/airflow/dags
[2023-06-19T13:07:52.507+0000] {manager.py:854} INFO - 
================================================================================
DAG File Processing Stats

File Path                        PID    Runtime      # DAGs    # Errors  Last Runtime    Last Run
-------------------------------  -----  ---------  --------  ----------  --------------  -------------------
/opt/airflow/dags/dag_2_task.py                           1           0  0.13s           2023-06-19T13:07:44
================================================================================
[2023-06-19T13:08:22.767+0000] {manager.py:854} INFO - 
================================================================================
DAG File Processing Stats

File Path                        PID    Runtime      # DAGs    # Errors  Last Runtime    Last Run
-------------------------------  -----  ---------  --------  ----------  --------------  -------------------
/opt/airflow/dags/dag_2_task.py                           1           0  0.13s           2023-06-19T13:08:14
================================================================================
[2023-06-19T13:08:53.137+0000] {manager.py:854} INFO - 
================================================================================
DAG File Processing Stats

File Path                        PID    Runtime      # DAGs    # Errors  Last Runtime    Last Run
-------------------------------  -----  ---------  --------  ----------  --------------  -------------------
/opt/airflow/dags/dag_2_task.py                           1           0  0.27s           2023-06-19T13:08:45
================================================================================
