[2023-06-19T12:27:42.719+0000] {taskinstance.py:1083} INFO - Dependencies all met for <TaskInstance: hello_world_dag1.hello_task2 scheduled__2023-05-01T00:00:00+00:00 [queued]>
[2023-06-19T12:27:42.732+0000] {taskinstance.py:1083} INFO - Dependencies all met for <TaskInstance: hello_world_dag1.hello_task2 scheduled__2023-05-01T00:00:00+00:00 [queued]>
[2023-06-19T12:27:42.732+0000] {taskinstance.py:1279} INFO - 
--------------------------------------------------------------------------------
[2023-06-19T12:27:42.732+0000] {taskinstance.py:1280} INFO - Starting attempt 1 of 1
[2023-06-19T12:27:42.732+0000] {taskinstance.py:1281} INFO - 
--------------------------------------------------------------------------------
[2023-06-19T12:27:42.749+0000] {taskinstance.py:1300} INFO - Executing <Task(PythonOperator): hello_task2> on 2023-05-01 00:00:00+00:00
[2023-06-19T12:27:42.758+0000] {standard_task_runner.py:55} INFO - Started process 2557 to run task
[2023-06-19T12:27:42.761+0000] {standard_task_runner.py:82} INFO - Running: ['***', 'tasks', 'run', 'hello_world_dag1', 'hello_task2', 'scheduled__2023-05-01T00:00:00+00:00', '--job-id', '49', '--raw', '--subdir', 'DAGS_FOLDER/dag_2_task.py', '--cfg-path', '/tmp/tmpp5lfkph1']
[2023-06-19T12:27:42.761+0000] {standard_task_runner.py:83} INFO - Job 49: Subtask hello_task2
[2023-06-19T12:27:42.844+0000] {task_command.py:388} INFO - Running <TaskInstance: hello_world_dag1.hello_task2 scheduled__2023-05-01T00:00:00+00:00 [running]> on host 9515d2cf5961
[2023-06-19T12:27:42.945+0000] {taskinstance.py:1509} INFO - Exporting the following env vars:
AIRFLOW_CTX_DAG_OWNER=***
AIRFLOW_CTX_DAG_ID=hello_world_dag1
AIRFLOW_CTX_TASK_ID=hello_task2
AIRFLOW_CTX_EXECUTION_DATE=2023-05-01T00:00:00+00:00
AIRFLOW_CTX_TRY_NUMBER=1
AIRFLOW_CTX_DAG_RUN_ID=scheduled__2023-05-01T00:00:00+00:00
[2023-06-19T12:27:42.946+0000] {logging_mixin.py:137} INFO - #############################################
[2023-06-19T12:27:42.946+0000] {logging_mixin.py:137} INFO -   Hello, AIRFLOW!
[2023-06-19T12:27:42.946+0000] {logging_mixin.py:137} INFO - 23-06-19 14:27:42
[2023-06-19T12:27:42.946+0000] {logging_mixin.py:137} INFO - #############################################
[2023-06-19T12:27:42.946+0000] {python.py:177} INFO - Done. Returned value was: None
[2023-06-19T12:27:42.959+0000] {taskinstance.py:1323} INFO - Marking task as SUCCESS. dag_id=hello_world_dag1, task_id=hello_task2, execution_date=20230501T000000, start_date=20230619T122742, end_date=20230619T122742
[2023-06-19T12:27:43.012+0000] {local_task_job.py:208} INFO - Task exited with return code 0
[2023-06-19T12:27:43.034+0000] {taskinstance.py:2578} INFO - 0 downstream tasks scheduled from follow-on schedule check
